Using pre-set license
Built from '2020.3/staging' branch; Version is '2020.3.41f1 (7c19dc9acfda) revision 8133084'; Using compiler version '192528614'; Build Type 'Release'
OS: 'Windows 10  (10.0.19043) 64bit Core' Language: 'es' Physical Memory: 11930 MB
BatchMode: 1, IsHumanControllingUs: 0, StartBugReporterOnCrash: 0, Is64bit: 1, IsPro: 0

COMMAND LINE ARGUMENTS:
C:\Users\Raúl.LAPTOP-RJ053136\2020.3.41f1\Editor\Unity.exe
-adb2
-batchMode
-noUpm
-name
AssetImportWorker0
-projectPath
C:/Users/Raúl.LAPTOP-RJ053136/Unity Hub/InicioUnity/RubyUnity
-logFile
Logs/AssetImportWorker0.log
-srvPort
51516
Successfully changed project path to: C:/Users/Raúl.LAPTOP-RJ053136/Unity Hub/InicioUnity/RubyUnity
C:/Users/Raúl.LAPTOP-RJ053136/Unity Hub/InicioUnity/RubyUnity
Using Asset Import Pipeline V2.
Refreshing native plugins compatible for Editor in 79.74 ms, found 3 plugins.
Preloading 0 native plugins for Editor in 0.00 ms.
Initialize engine version: 2020.3.41f1 (7c19dc9acfda)
[Subsystems] Discovering subsystems at path C:/Users/Raúl.LAPTOP-RJ053136/2020.3.41f1/Editor/Data/Resources/UnitySubsystems
[Subsystems] Discovering subsystems at path C:/Users/Raúl.LAPTOP-RJ053136/Unity Hub/InicioUnity/RubyUnity/Assets
GfxDevice: creating device client; threaded=0
Direct3D:
    Version:  Direct3D 11.0 [level 11.1]
    Renderer: Intel(R) Iris(R) Xe Graphics (ID=0x9a49)
    Vendor:   
    VRAM:     5965 MB
    Driver:   27.20.100.8935
Initialize mono
Mono path[0] = 'C:/Users/Raúl.LAPTOP-RJ053136/2020.3.41f1/Editor/Data/Managed'
Mono path[1] = 'C:/Users/Raúl.LAPTOP-RJ053136/2020.3.41f1/Editor/Data/MonoBleedingEdge/lib/mono/unityjit'
Mono config path = 'C:/Users/Raúl.LAPTOP-RJ053136/2020.3.41f1/Editor/Data/MonoBleedingEdge/etc'
Using monoOptions --debugger-agent=transport=dt_socket,embedding=1,server=y,suspend=n,address=127.0.0.1:56460
Begin MonoManager ReloadAssembly
Registering precompiled unity dll's ...
Register platform support module: C:/Users/Raúl.LAPTOP-RJ053136/2020.3.41f1/Editor/Data/PlaybackEngines/WindowsStandaloneSupport/UnityEditor.WindowsStandalone.Extensions.dll
Registered in 0.002231 seconds.
Native extension for WindowsStandalone target not found
Refreshing native plugins compatible for Editor in 71.60 ms, found 3 plugins.
Preloading 0 native plugins for Editor in 0.00 ms.
Mono: successfully reloaded assembly
- Completed reload, in  0.749 seconds
Domain Reload Profiling:
	ReloadAssembly (749ms)
		BeginReloadAssembly (103ms)
			ExecutionOrderSort (0ms)
			DisableScriptedObjects (0ms)
			BackupInstance (0ms)
			ReleaseScriptingObjects (0ms)
			CreateAndSetChildDomain (1ms)
		EndReloadAssembly (542ms)
			LoadAssemblies (100ms)
			RebuildTransferFunctionScriptingTraits (0ms)
			SetupTypeCache (135ms)
			ReleaseScriptCaches (0ms)
			RebuildScriptCaches (39ms)
			SetupLoadedEditorAssemblies (221ms)
				LogAssemblyErrors (0ms)
				InitializePlatformSupportModulesInManaged (5ms)
				SetLoadedEditorAssemblies (1ms)
				RefreshPlugins (72ms)
				BeforeProcessingInitializeOnLoad (12ms)
				ProcessInitializeOnLoadAttributes (103ms)
				ProcessInitializeOnLoadMethodAttributes (28ms)
				AfterProcessingInitializeOnLoad (0ms)
				EditorAssembliesLoaded (0ms)
			ExecutionOrderSort2 (0ms)
			AwakeInstancesAfterBackupRestoration (0ms)
Platform modules already initialized, skipping
Registering precompiled user dll's ...
Registered in 0.003885 seconds.
Begin MonoManager ReloadAssembly
Native extension for WindowsStandalone target not found
Refreshing native plugins compatible for Editor in 44.33 ms, found 3 plugins.
Preloading 0 native plugins for Editor in 0.00 ms.
Mono: successfully reloaded assembly
- Completed reload, in  1.314 seconds
Domain Reload Profiling:
	ReloadAssembly (1316ms)
		BeginReloadAssembly (165ms)
			ExecutionOrderSort (0ms)
			DisableScriptedObjects (8ms)
			BackupInstance (0ms)
			ReleaseScriptingObjects (0ms)
			CreateAndSetChildDomain (21ms)
		EndReloadAssembly (1075ms)
			LoadAssemblies (117ms)
			RebuildTransferFunctionScriptingTraits (0ms)
			SetupTypeCache (348ms)
			ReleaseScriptCaches (1ms)
			RebuildScriptCaches (66ms)
			SetupLoadedEditorAssemblies (404ms)
				LogAssemblyErrors (0ms)
				InitializePlatformSupportModulesInManaged (3ms)
				SetLoadedEditorAssemblies (0ms)
				RefreshPlugins (44ms)
				BeforeProcessingInitializeOnLoad (98ms)
				ProcessInitializeOnLoadAttributes (217ms)
				ProcessInitializeOnLoadMethodAttributes (29ms)
				AfterProcessingInitializeOnLoad (12ms)
				EditorAssembliesLoaded (0ms)
			ExecutionOrderSort2 (0ms)
			AwakeInstancesAfterBackupRestoration (3ms)
Platform modules already initialized, skipping
========================================================================
Worker process is ready to serve import requests
Launched and connected shader compiler UnityShaderCompiler.exe after 0.04 seconds
Refreshing native plugins compatible for Editor in 0.46 ms, found 3 plugins.
Preloading 0 native plugins for Editor in 0.00 ms.
Unloading 2227 Unused Serialized files (Serialized files now loaded: 0)
System memory in use before: 97.6 MB.
System memory in use after: 97.5 MB.

Unloading 31 unused Assets to reduce memory usage. Loaded Objects now: 2661.
Total: 2.637800 ms (FindLiveObjects: 0.194800 ms CreateObjectMapping: 0.069400 ms MarkObjects: 2.237100 ms  DeleteObjects: 0.135200 ms)

AssetImportParameters requested are different than current active one (requested -> active):
  custom:framework-win-MediaFoundation: 216162199b28c13a410421893ffa2e32 -> 
  custom:video-decoder-ogg-theora: a1e56fd34408186e4bbccfd4996cb3dc -> 
  custom:container-muxer-webm: aa71ff27fc2769a1b78a27578f13a17b -> 
  custom:container-demuxer-webm: 4f35f7cbe854078d1ac9338744f61a02 -> 
  custom:container-demuxer-ogg: 62fdf1f143b41e24485cea50d1cbac27 -> 
  custom:video-encoder-webm-vp8: eb34c28f22e8b96e1ab97ce403110664 -> 
  custom:video-decoder-webm-vp8: 9c59270c3fd7afecdb556c50c9e8de78 -> 
  custom:audio-decoder-ogg-vorbis: bf7c407c2cedff20999df2af8eb42d56 -> 
  custom:audio-encoder-webm-vorbis: bf7c407c2cedff20999df2af8eb42d56 -> 
========================================================================
Received Import Request.
  path: Assets/Prefabs/Enemy.prefab
  artifactKey: Guid(02ddea2c6e3afa34e9052ff3751d0037) Importer(815301076,1909f56bfc062723c751e8b465ee728b)
Start importing Assets/Prefabs/Enemy.prefab using Guid(02ddea2c6e3afa34e9052ff3751d0037) Importer(815301076,1909f56bfc062723c751e8b465ee728b)  -> (artifact id: 'c404557d009a4bf215962e7d4c375964') in 0.118917 seconds 
========================================================================
Received Import Request.
  Time since last request: 90.852108 seconds.
  path: Assets/Art/Animations/Animations controller
  artifactKey: Guid(a61233d77f31bf1439f2c67bfb7998fb) Importer(815301076,1909f56bfc062723c751e8b465ee728b)
Start importing Assets/Art/Animations/Animations controller using Guid(a61233d77f31bf1439f2c67bfb7998fb) Importer(815301076,1909f56bfc062723c751e8b465ee728b)  -> (artifact id: '46c1ddfe092f72ba42c0fdf47281114c') in 0.004167 seconds 
========================================================================
Received Import Request.
  Time since last request: 36.947806 seconds.
  path: Assets/Art/Animations/New Animator Controller.controller
  artifactKey: Guid(b9c9af98019a6b04bb90f41458031ed4) Importer(815301076,1909f56bfc062723c751e8b465ee728b)
Start importing Assets/Art/Animations/New Animator Controller.controller using Guid(b9c9af98019a6b04bb90f41458031ed4) Importer(815301076,1909f56bfc062723c751e8b465ee728b)  -> (artifact id: 'a8fed0825976f033d665db12542123ff') in 0.008293 seconds 
========================================================================
Received Import Request.
  Time since last request: 9.988717 seconds.
  path: Assets/Art/Animations/Robot.controller
  artifactKey: Guid(b9c9af98019a6b04bb90f41458031ed4) Importer(815301076,1909f56bfc062723c751e8b465ee728b)
Start importing Assets/Art/Animations/Robot.controller using Guid(b9c9af98019a6b04bb90f41458031ed4) Importer(815301076,1909f56bfc062723c751e8b465ee728b)  -> (artifact id: '72f81285e1a45d5f74f3373de4799911') in 0.004877 seconds 
========================================================================
Received Import Request.
  Time since last request: 112.223145 seconds.
  path: Assets/Art/Animations/Enemy.controller
  artifactKey: Guid(b9c9af98019a6b04bb90f41458031ed4) Importer(815301076,1909f56bfc062723c751e8b465ee728b)
Start importing Assets/Art/Animations/Enemy.controller using Guid(b9c9af98019a6b04bb90f41458031ed4) Importer(815301076,1909f56bfc062723c751e8b465ee728b)  -> (artifact id: '8a7fc122908b0aaac5e41c5b5b93a8ac') in 0.004169 seconds 
========================================================================
Received Prepare
Registering precompiled user dll's ...
Registered in 0.003358 seconds.
Begin MonoManager ReloadAssembly
Native extension for WindowsStandalone target not found
Refreshing native plugins compatible for Editor in 0.49 ms, found 3 plugins.
Preloading 0 native plugins for Editor in 0.00 ms.
Mono: successfully reloaded assembly
- Completed reload, in  1.182 seconds
Domain Reload Profiling:
	ReloadAssembly (1183ms)
		BeginReloadAssembly (150ms)
			ExecutionOrderSort (0ms)
			DisableScriptedObjects (9ms)
			BackupInstance (0ms)
			ReleaseScriptingObjects (0ms)
			CreateAndSetChildDomain (53ms)
		EndReloadAssembly (979ms)
			LoadAssemblies (101ms)
			RebuildTransferFunctionScriptingTraits (0ms)
			SetupTypeCache (328ms)
			ReleaseScriptCaches (1ms)
			RebuildScriptCaches (61ms)
			SetupLoadedEditorAssemblies (379ms)
				LogAssemblyErrors (0ms)
				InitializePlatformSupportModulesInManaged (5ms)
				SetLoadedEditorAssemblies (1ms)
				RefreshPlugins (1ms)
				BeforeProcessingInitializeOnLoad (125ms)
				ProcessInitializeOnLoadAttributes (218ms)
				ProcessInitializeOnLoadMethodAttributes (23ms)
				AfterProcessingInitializeOnLoad (7ms)
				EditorAssembliesLoaded (0ms)
			ExecutionOrderSort2 (0ms)
			AwakeInstancesAfterBackupRestoration (8ms)
Platform modules already initialized, skipping
Refreshing native plugins compatible for Editor in 0.79 ms, found 3 plugins.
Preloading 0 native plugins for Editor in 0.00 ms.
Unloading 2222 Unused Serialized files (Serialized files now loaded: 0)
System memory in use before: 100.5 MB.
System memory in use after: 100.5 MB.

Unloading 20 unused Assets to reduce memory usage. Loaded Objects now: 2672.
Total: 4.386700 ms (FindLiveObjects: 0.112200 ms CreateObjectMapping: 0.047100 ms MarkObjects: 3.993200 ms  DeleteObjects: 0.232700 ms)

AssetImportParameters requested are different than current active one (requested -> active):
  custom:framework-win-MediaFoundation: 216162199b28c13a410421893ffa2e32 -> 
  custom:video-decoder-ogg-theora: a1e56fd34408186e4bbccfd4996cb3dc -> 
  custom:container-muxer-webm: aa71ff27fc2769a1b78a27578f13a17b -> 
  custom:container-demuxer-webm: 4f35f7cbe854078d1ac9338744f61a02 -> 
  custom:container-demuxer-ogg: 62fdf1f143b41e24485cea50d1cbac27 -> 
  custom:video-encoder-webm-vp8: eb34c28f22e8b96e1ab97ce403110664 -> 
  custom:video-decoder-webm-vp8: 9c59270c3fd7afecdb556c50c9e8de78 -> 
  custom:audio-decoder-ogg-vorbis: bf7c407c2cedff20999df2af8eb42d56 -> 
  custom:audio-encoder-webm-vorbis: bf7c407c2cedff20999df2af8eb42d56 -> 
========================================================================
Received Prepare
Registering precompiled user dll's ...
Registered in 0.003468 seconds.
Begin MonoManager ReloadAssembly
Native extension for WindowsStandalone target not found
Refreshing native plugins compatible for Editor in 0.69 ms, found 3 plugins.
Preloading 0 native plugins for Editor in 0.00 ms.
Mono: successfully reloaded assembly
- Completed reload, in  1.162 seconds
Domain Reload Profiling:
	ReloadAssembly (1162ms)
		BeginReloadAssembly (184ms)
			ExecutionOrderSort (0ms)
			DisableScriptedObjects (5ms)
			BackupInstance (0ms)
			ReleaseScriptingObjects (0ms)
			CreateAndSetChildDomain (47ms)
		EndReloadAssembly (894ms)
			LoadAssemblies (147ms)
			RebuildTransferFunctionScriptingTraits (0ms)
			SetupTypeCache (261ms)
			ReleaseScriptCaches (3ms)
			RebuildScriptCaches (54ms)
			SetupLoadedEditorAssemblies (364ms)
				LogAssemblyErrors (0ms)
				InitializePlatformSupportModulesInManaged (5ms)
				SetLoadedEditorAssemblies (0ms)
				RefreshPlugins (1ms)
				BeforeProcessingInitializeOnLoad (124ms)
				ProcessInitializeOnLoadAttributes (200ms)
				ProcessInitializeOnLoadMethodAttributes (25ms)
				AfterProcessingInitializeOnLoad (8ms)
				EditorAssembliesLoaded (0ms)
			ExecutionOrderSort2 (0ms)
			AwakeInstancesAfterBackupRestoration (4ms)
Platform modules already initialized, skipping
Refreshing native plugins compatible for Editor in 0.46 ms, found 3 plugins.
Preloading 0 native plugins for Editor in 0.00 ms.
Unloading 2222 Unused Serialized files (Serialized files now loaded: 0)
System memory in use before: 100.6 MB.
System memory in use after: 100.5 MB.

Unloading 20 unused Assets to reduce memory usage. Loaded Objects now: 2675.
Total: 2.734200 ms (FindLiveObjects: 0.113600 ms CreateObjectMapping: 0.042700 ms MarkObjects: 2.466500 ms  DeleteObjects: 0.110400 ms)

AssetImportParameters requested are different than current active one (requested -> active):
  custom:framework-win-MediaFoundation: 216162199b28c13a410421893ffa2e32 -> 
  custom:video-decoder-ogg-theora: a1e56fd34408186e4bbccfd4996cb3dc -> 
  custom:container-muxer-webm: aa71ff27fc2769a1b78a27578f13a17b -> 
  custom:container-demuxer-webm: 4f35f7cbe854078d1ac9338744f61a02 -> 
  custom:container-demuxer-ogg: 62fdf1f143b41e24485cea50d1cbac27 -> 
  custom:video-encoder-webm-vp8: eb34c28f22e8b96e1ab97ce403110664 -> 
  custom:video-decoder-webm-vp8: 9c59270c3fd7afecdb556c50c9e8de78 -> 
  custom:audio-decoder-ogg-vorbis: bf7c407c2cedff20999df2af8eb42d56 -> 
  custom:audio-encoder-webm-vorbis: bf7c407c2cedff20999df2af8eb42d56 -> 
========================================================================
Received Prepare
Registering precompiled user dll's ...
Registered in 0.003458 seconds.
Begin MonoManager ReloadAssembly
Native extension for WindowsStandalone target not found
Refreshing native plugins compatible for Editor in 0.51 ms, found 3 plugins.
Preloading 0 native plugins for Editor in 0.00 ms.
Mono: successfully reloaded assembly
- Completed reload, in  1.170 seconds
Domain Reload Profiling:
	ReloadAssembly (1171ms)
		BeginReloadAssembly (186ms)
			ExecutionOrderSort (0ms)
			DisableScriptedObjects (5ms)
			BackupInstance (0ms)
			ReleaseScriptingObjects (0ms)
			CreateAndSetChildDomain (46ms)
		EndReloadAssembly (897ms)
			LoadAssemblies (169ms)
			RebuildTransferFunctionScriptingTraits (0ms)
			SetupTypeCache (290ms)
			ReleaseScriptCaches (1ms)
			RebuildScriptCaches (61ms)
			SetupLoadedEditorAssemblies (319ms)
				LogAssemblyErrors (0ms)
				InitializePlatformSupportModulesInManaged (4ms)
				SetLoadedEditorAssemblies (0ms)
				RefreshPlugins (1ms)
				BeforeProcessingInitializeOnLoad (112ms)
				ProcessInitializeOnLoadAttributes (181ms)
				ProcessInitializeOnLoadMethodAttributes (14ms)
				AfterProcessingInitializeOnLoad (6ms)
				EditorAssembliesLoaded (0ms)
			ExecutionOrderSort2 (0ms)
			AwakeInstancesAfterBackupRestoration (4ms)
Platform modules already initialized, skipping
Refreshing native plugins compatible for Editor in 0.43 ms, found 3 plugins.
Preloading 0 native plugins for Editor in 0.00 ms.
Unloading 2222 Unused Serialized files (Serialized files now loaded: 0)
System memory in use before: 100.6 MB.
System memory in use after: 100.6 MB.

Unloading 20 unused Assets to reduce memory usage. Loaded Objects now: 2678.
Total: 3.647100 ms (FindLiveObjects: 0.113600 ms CreateObjectMapping: 0.068500 ms MarkObjects: 3.244800 ms  DeleteObjects: 0.219000 ms)

AssetImportParameters requested are different than current active one (requested -> active):
  custom:framework-win-MediaFoundation: 216162199b28c13a410421893ffa2e32 -> 
  custom:video-decoder-ogg-theora: a1e56fd34408186e4bbccfd4996cb3dc -> 
  custom:container-muxer-webm: aa71ff27fc2769a1b78a27578f13a17b -> 
  custom:container-demuxer-webm: 4f35f7cbe854078d1ac9338744f61a02 -> 
  custom:container-demuxer-ogg: 62fdf1f143b41e24485cea50d1cbac27 -> 
  custom:video-encoder-webm-vp8: eb34c28f22e8b96e1ab97ce403110664 -> 
  custom:video-decoder-webm-vp8: 9c59270c3fd7afecdb556c50c9e8de78 -> 
  custom:audio-decoder-ogg-vorbis: bf7c407c2cedff20999df2af8eb42d56 -> 
  custom:audio-encoder-webm-vorbis: bf7c407c2cedff20999df2af8eb42d56 -> 
========================================================================
Received Prepare
Registering precompiled user dll's ...
Registered in 0.003440 seconds.
Begin MonoManager ReloadAssembly
Native extension for WindowsStandalone target not found
Refreshing native plugins compatible for Editor in 0.49 ms, found 3 plugins.
Preloading 0 native plugins for Editor in 0.00 ms.
Mono: successfully reloaded assembly
- Completed reload, in  1.145 seconds
Domain Reload Profiling:
	ReloadAssembly (1146ms)
		BeginReloadAssembly (151ms)
			ExecutionOrderSort (0ms)
			DisableScriptedObjects (5ms)
			BackupInstance (0ms)
			ReleaseScriptingObjects (0ms)
			CreateAndSetChildDomain (44ms)
		EndReloadAssembly (941ms)
			LoadAssemblies (143ms)
			RebuildTransferFunctionScriptingTraits (0ms)
			SetupTypeCache (311ms)
			ReleaseScriptCaches (1ms)
			RebuildScriptCaches (59ms)
			SetupLoadedEditorAssemblies (371ms)
				LogAssemblyErrors (0ms)
				InitializePlatformSupportModulesInManaged (5ms)
				SetLoadedEditorAssemblies (0ms)
				RefreshPlugins (1ms)
				BeforeProcessingInitializeOnLoad (130ms)
				ProcessInitializeOnLoadAttributes (192ms)
				ProcessInitializeOnLoadMethodAttributes (29ms)
				AfterProcessingInitializeOnLoad (14ms)
				EditorAssembliesLoaded (0ms)
			ExecutionOrderSort2 (0ms)
			AwakeInstancesAfterBackupRestoration (7ms)
Platform modules already initialized, skipping
Refreshing native plugins compatible for Editor in 0.45 ms, found 3 plugins.
Preloading 0 native plugins for Editor in 0.00 ms.
Unloading 2222 Unused Serialized files (Serialized files now loaded: 0)
System memory in use before: 100.6 MB.
System memory in use after: 100.6 MB.

Unloading 20 unused Assets to reduce memory usage. Loaded Objects now: 2681.
Total: 3.684400 ms (FindLiveObjects: 0.107100 ms CreateObjectMapping: 0.039000 ms MarkObjects: 3.277300 ms  DeleteObjects: 0.259900 ms)

AssetImportParameters requested are different than current active one (requested -> active):
  custom:framework-win-MediaFoundation: 216162199b28c13a410421893ffa2e32 -> 
  custom:video-decoder-ogg-theora: a1e56fd34408186e4bbccfd4996cb3dc -> 
  custom:container-muxer-webm: aa71ff27fc2769a1b78a27578f13a17b -> 
  custom:container-demuxer-webm: 4f35f7cbe854078d1ac9338744f61a02 -> 
  custom:container-demuxer-ogg: 62fdf1f143b41e24485cea50d1cbac27 -> 
  custom:video-encoder-webm-vp8: eb34c28f22e8b96e1ab97ce403110664 -> 
  custom:video-decoder-webm-vp8: 9c59270c3fd7afecdb556c50c9e8de78 -> 
  custom:audio-decoder-ogg-vorbis: bf7c407c2cedff20999df2af8eb42d56 -> 
  custom:audio-encoder-webm-vorbis: bf7c407c2cedff20999df2af8eb42d56 -> 
========================================================================
Received Import Request.
  Time since last request: 1014.695241 seconds.
  path: Assets/Art/Animations/Right_run.anim
  artifactKey: Guid(e68859c4c21d6794bbc496fd3d9381f1) Importer(815301076,1909f56bfc062723c751e8b465ee728b)
Start importing Assets/Art/Animations/Right_run.anim using Guid(e68859c4c21d6794bbc496fd3d9381f1) Importer(815301076,1909f56bfc062723c751e8b465ee728b)  -> (artifact id: 'c08d4cb0f67f130051831776c14f1b4a') in 0.020641 seconds 
========================================================================
Received Prepare
Registering precompiled user dll's ...
Registered in 0.003617 seconds.
Begin MonoManager ReloadAssembly
Native extension for WindowsStandalone target not found
Refreshing native plugins compatible for Editor in 0.92 ms, found 3 plugins.
Preloading 0 native plugins for Editor in 0.00 ms.
Mono: successfully reloaded assembly
- Completed reload, in  1.440 seconds
Domain Reload Profiling:
	ReloadAssembly (1441ms)
		BeginReloadAssembly (183ms)
			ExecutionOrderSort (0ms)
			DisableScriptedObjects (11ms)
			BackupInstance (0ms)
			ReleaseScriptingObjects (0ms)
			CreateAndSetChildDomain (55ms)
		EndReloadAssembly (1163ms)
			LoadAssemblies (159ms)
			RebuildTransferFunctionScriptingTraits (0ms)
			SetupTypeCache (384ms)
			ReleaseScriptCaches (2ms)
			RebuildScriptCaches (64ms)
			SetupLoadedEditorAssemblies (392ms)
				LogAssemblyErrors (0ms)
				InitializePlatformSupportModulesInManaged (9ms)
				SetLoadedEditorAssemblies (1ms)
				RefreshPlugins (1ms)
				BeforeProcessingInitializeOnLoad (115ms)
				ProcessInitializeOnLoadAttributes (233ms)
				ProcessInitializeOnLoadMethodAttributes (26ms)
				AfterProcessingInitializeOnLoad (6ms)
				EditorAssembliesLoaded (0ms)
			ExecutionOrderSort2 (0ms)
			AwakeInstancesAfterBackupRestoration (5ms)
Platform modules already initialized, skipping
Refreshing native plugins compatible for Editor in 0.50 ms, found 3 plugins.
Preloading 0 native plugins for Editor in 0.00 ms.
Unloading 2222 Unused Serialized files (Serialized files now loaded: 0)
System memory in use before: 100.6 MB.
System memory in use after: 100.6 MB.

Unloading 20 unused Assets to reduce memory usage. Loaded Objects now: 2684.
Total: 2.547900 ms (FindLiveObjects: 0.122500 ms CreateObjectMapping: 0.037500 ms MarkObjects: 2.289400 ms  DeleteObjects: 0.097800 ms)

AssetImportParameters requested are different than current active one (requested -> active):
  custom:framework-win-MediaFoundation: 216162199b28c13a410421893ffa2e32 -> 
  custom:video-decoder-ogg-theora: a1e56fd34408186e4bbccfd4996cb3dc -> 
  custom:container-muxer-webm: aa71ff27fc2769a1b78a27578f13a17b -> 
  custom:container-demuxer-webm: 4f35f7cbe854078d1ac9338744f61a02 -> 
  custom:container-demuxer-ogg: 62fdf1f143b41e24485cea50d1cbac27 -> 
  custom:video-encoder-webm-vp8: eb34c28f22e8b96e1ab97ce403110664 -> 
  custom:video-decoder-webm-vp8: 9c59270c3fd7afecdb556c50c9e8de78 -> 
  custom:audio-decoder-ogg-vorbis: bf7c407c2cedff20999df2af8eb42d56 -> 
  custom:audio-encoder-webm-vorbis: bf7c407c2cedff20999df2af8eb42d56 -> 
========================================================================
Received Prepare
Registering precompiled user dll's ...
Registered in 0.004193 seconds.
Begin MonoManager ReloadAssembly
Native extension for WindowsStandalone target not found
Refreshing native plugins compatible for Editor in 0.69 ms, found 3 plugins.
Preloading 0 native plugins for Editor in 0.00 ms.
Mono: successfully reloaded assembly
- Completed reload, in  1.100 seconds
Domain Reload Profiling:
	ReloadAssembly (1101ms)
		BeginReloadAssembly (135ms)
			ExecutionOrderSort (0ms)
			DisableScriptedObjects (5ms)
			BackupInstance (0ms)
			ReleaseScriptingObjects (0ms)
			CreateAndSetChildDomain (31ms)
		EndReloadAssembly (909ms)
			LoadAssemblies (142ms)
			RebuildTransferFunctionScriptingTraits (0ms)
			SetupTypeCache (252ms)
			ReleaseScriptCaches (1ms)
			RebuildScriptCaches (52ms)
			SetupLoadedEditorAssemblies (355ms)
				LogAssemblyErrors (0ms)
				InitializePlatformSupportModulesInManaged (7ms)
				SetLoadedEditorAssemblies (1ms)
				RefreshPlugins (1ms)
				BeforeProcessingInitializeOnLoad (144ms)
				ProcessInitializeOnLoadAttributes (180ms)
				ProcessInitializeOnLoadMethodAttributes (14ms)
				AfterProcessingInitializeOnLoad (7ms)
				EditorAssembliesLoaded (0ms)
			ExecutionOrderSort2 (0ms)
			AwakeInstancesAfterBackupRestoration (7ms)
Platform modules already initialized, skipping
Refreshing native plugins compatible for Editor in 0.47 ms, found 3 plugins.
Preloading 0 native plugins for Editor in 0.00 ms.
Unloading 2222 Unused Serialized files (Serialized files now loaded: 0)
System memory in use before: 100.6 MB.
System memory in use after: 100.6 MB.

Unloading 20 unused Assets to reduce memory usage. Loaded Objects now: 2687.
Total: 3.322400 ms (FindLiveObjects: 0.106500 ms CreateObjectMapping: 0.041400 ms MarkObjects: 2.983400 ms  DeleteObjects: 0.190100 ms)

AssetImportParameters requested are different than current active one (requested -> active):
  custom:framework-win-MediaFoundation: 216162199b28c13a410421893ffa2e32 -> 
  custom:video-decoder-ogg-theora: a1e56fd34408186e4bbccfd4996cb3dc -> 
  custom:container-muxer-webm: aa71ff27fc2769a1b78a27578f13a17b -> 
  custom:container-demuxer-webm: 4f35f7cbe854078d1ac9338744f61a02 -> 
  custom:container-demuxer-ogg: 62fdf1f143b41e24485cea50d1cbac27 -> 
  custom:video-encoder-webm-vp8: eb34c28f22e8b96e1ab97ce403110664 -> 
  custom:video-decoder-webm-vp8: 9c59270c3fd7afecdb556c50c9e8de78 -> 
  custom:audio-decoder-ogg-vorbis: bf7c407c2cedff20999df2af8eb42d56 -> 
  custom:audio-encoder-webm-vorbis: bf7c407c2cedff20999df2af8eb42d56 -> 
========================================================================
Received Prepare
Registering precompiled user dll's ...
Registered in 0.003527 seconds.
Begin MonoManager ReloadAssembly
Native extension for WindowsStandalone target not found
Refreshing native plugins compatible for Editor in 0.61 ms, found 3 plugins.
Preloading 0 native plugins for Editor in 0.00 ms.
Mono: successfully reloaded assembly
- Completed reload, in  1.127 seconds
Domain Reload Profiling:
	ReloadAssembly (1127ms)
		BeginReloadAssembly (166ms)
			ExecutionOrderSort (0ms)
			DisableScriptedObjects (9ms)
			BackupInstance (0ms)
			ReleaseScriptingObjects (0ms)
			CreateAndSetChildDomain (50ms)
		EndReloadAssembly (882ms)
			LoadAssemblies (119ms)
			RebuildTransferFunctionScriptingTraits (0ms)
			SetupTypeCache (292ms)
			ReleaseScriptCaches (1ms)
			RebuildScriptCaches (46ms)
			SetupLoadedEditorAssemblies (313ms)
				LogAssemblyErrors (0ms)
				InitializePlatformSupportModulesInManaged (6ms)
				SetLoadedEditorAssemblies (1ms)
				RefreshPlugins (1ms)
				BeforeProcessingInitializeOnLoad (105ms)
				ProcessInitializeOnLoadAttributes (180ms)
				ProcessInitializeOnLoadMethodAttributes (14ms)
				AfterProcessingInitializeOnLoad (7ms)
				EditorAssembliesLoaded (0ms)
			ExecutionOrderSort2 (0ms)
			AwakeInstancesAfterBackupRestoration (4ms)
Platform modules already initialized, skipping
Refreshing native plugins compatible for Editor in 0.46 ms, found 3 plugins.
Preloading 0 native plugins for Editor in 0.00 ms.
Unloading 2222 Unused Serialized files (Serialized files now loaded: 0)
System memory in use before: 100.6 MB.
System memory in use after: 100.6 MB.

Unloading 20 unused Assets to reduce memory usage. Loaded Objects now: 2690.
Total: 3.558500 ms (FindLiveObjects: 0.146000 ms CreateObjectMapping: 0.051900 ms MarkObjects: 3.246700 ms  DeleteObjects: 0.113100 ms)

AssetImportParameters requested are different than current active one (requested -> active):
  custom:framework-win-MediaFoundation: 216162199b28c13a410421893ffa2e32 -> 
  custom:video-decoder-ogg-theora: a1e56fd34408186e4bbccfd4996cb3dc -> 
  custom:container-muxer-webm: aa71ff27fc2769a1b78a27578f13a17b -> 
  custom:container-demuxer-webm: 4f35f7cbe854078d1ac9338744f61a02 -> 
  custom:container-demuxer-ogg: 62fdf1f143b41e24485cea50d1cbac27 -> 
  custom:video-encoder-webm-vp8: eb34c28f22e8b96e1ab97ce403110664 -> 
  custom:video-decoder-webm-vp8: 9c59270c3fd7afecdb556c50c9e8de78 -> 
  custom:audio-decoder-ogg-vorbis: bf7c407c2cedff20999df2af8eb42d56 -> 
  custom:audio-encoder-webm-vorbis: bf7c407c2cedff20999df2af8eb42d56 -> 
========================================================================
Received Import Request.
  Time since last request: 447.679625 seconds.
  path: Assets/Prefabs/Enemy.prefab
  artifactKey: Guid(02ddea2c6e3afa34e9052ff3751d0037) Importer(815301076,1909f56bfc062723c751e8b465ee728b)
Start importing Assets/Prefabs/Enemy.prefab using Guid(02ddea2c6e3afa34e9052ff3751d0037) Importer(815301076,1909f56bfc062723c751e8b465ee728b)  -> (artifact id: '6fea6829690a4ea8a76162f30ee27d7e') in 0.085584 seconds 
========================================================================
Received Import Request.
  Time since last request: 20.169403 seconds.
  path: Assets/Art/Animations/Enemy.controller
  artifactKey: Guid(b9c9af98019a6b04bb90f41458031ed4) Importer(815301076,1909f56bfc062723c751e8b465ee728b)
Start importing Assets/Art/Animations/Enemy.controller using Guid(b9c9af98019a6b04bb90f41458031ed4) Importer(815301076,1909f56bfc062723c751e8b465ee728b)  -> (artifact id: '81e309f7e21350a0a29e34ccff9cd1fe') in 0.004501 seconds 
========================================================================
Received Import Request.
  Time since last request: 339.257071 seconds.
  path: Assets/Art/Animations/AnimationClips/Right_run.anim
  artifactKey: Guid(a453501d261ffc24190d427ac901ce0e) Importer(815301076,1909f56bfc062723c751e8b465ee728b)
Start importing Assets/Art/Animations/AnimationClips/Right_run.anim using Guid(a453501d261ffc24190d427ac901ce0e) Importer(815301076,1909f56bfc062723c751e8b465ee728b)  -> (artifact id: 'dcab26799b83f12ce71101874b329d8e') in 0.006103 seconds 
========================================================================
Received Import Request.
  Time since last request: 1.582962 seconds.
  path: Assets/Art/Animations/AnimationClips/Robotdown.anim
  artifactKey: Guid(08e7d06053c0bde4ca85d57eeadb3f94) Importer(815301076,1909f56bfc062723c751e8b465ee728b)
Start importing Assets/Art/Animations/AnimationClips/Robotdown.anim using Guid(08e7d06053c0bde4ca85d57eeadb3f94) Importer(815301076,1909f56bfc062723c751e8b465ee728b)  -> (artifact id: '5c789772d6dc48c0decc75deee4ddb9c') in 0.004712 seconds 
========================================================================
Received Import Request.
  Time since last request: 11.868948 seconds.
  path: Assets/Art/Animations/Robotleft.anim
  artifactKey: Guid(40ece5551ea33264b8108adcc399508a) Importer(815301076,1909f56bfc062723c751e8b465ee728b)
Start importing Assets/Art/Animations/Robotleft.anim using Guid(40ece5551ea33264b8108adcc399508a) Importer(815301076,1909f56bfc062723c751e8b465ee728b)  -> (artifact id: '77b7c95675b62d8e87f786e9903b0d0b') in 0.004754 seconds 
========================================================================
Received Import Request.
  Time since last request: 6.672615 seconds.
  path: Assets/Art/Animations/AnimationClips/Robotup.anim
  artifactKey: Guid(947df1ae8e7b8b241987be5ff09bfc2d) Importer(815301076,1909f56bfc062723c751e8b465ee728b)
Start importing Assets/Art/Animations/AnimationClips/Robotup.anim using Guid(947df1ae8e7b8b241987be5ff09bfc2d) Importer(815301076,1909f56bfc062723c751e8b465ee728b)  -> (artifact id: '5b76e34e898c8342c1bba2648d02f438') in 0.005090 seconds 
========================================================================
Received Prepare
Registering precompiled user dll's ...
Registered in 0.005379 seconds.
Begin MonoManager ReloadAssembly
Native extension for WindowsStandalone target not found
Refreshing native plugins compatible for Editor in 0.63 ms, found 3 plugins.
Preloading 0 native plugins for Editor in 0.00 ms.
Mono: successfully reloaded assembly
- Completed reload, in  1.278 seconds
Domain Reload Profiling:
	ReloadAssembly (1279ms)
		BeginReloadAssembly (172ms)
			ExecutionOrderSort (0ms)
			DisableScriptedObjects (8ms)
			BackupInstance (0ms)
			ReleaseScriptingObjects (0ms)
			CreateAndSetChildDomain (46ms)
		EndReloadAssembly (1028ms)
			LoadAssemblies (171ms)
			RebuildTransferFunctionScriptingTraits (0ms)
			SetupTypeCache (331ms)
			ReleaseScriptCaches (2ms)
			RebuildScriptCaches (53ms)
			SetupLoadedEditorAssemblies (402ms)
				LogAssemblyErrors (0ms)
				InitializePlatformSupportModulesInManaged (7ms)
				SetLoadedEditorAssemblies (1ms)
				RefreshPlugins (1ms)
				BeforeProcessingInitializeOnLoad (120ms)
				ProcessInitializeOnLoadAttributes (243ms)
				ProcessInitializeOnLoadMethodAttributes (22ms)
				AfterProcessingInitializeOnLoad (9ms)
				EditorAssembliesLoaded (0ms)
			ExecutionOrderSort2 (0ms)
			AwakeInstancesAfterBackupRestoration (6ms)
Platform modules already initialized, skipping
Refreshing native plugins compatible for Editor in 1.04 ms, found 3 plugins.
Preloading 0 native plugins for Editor in 0.00 ms.
Unloading 2222 Unused Serialized files (Serialized files now loaded: 0)
System memory in use before: 100.7 MB.
System memory in use after: 100.6 MB.

Unloading 20 unused Assets to reduce memory usage. Loaded Objects now: 2694.
Total: 4.266700 ms (FindLiveObjects: 0.194100 ms CreateObjectMapping: 0.055200 ms MarkObjects: 3.844600 ms  DeleteObjects: 0.171600 ms)

AssetImportParameters requested are different than current active one (requested -> active):
  custom:framework-win-MediaFoundation: 216162199b28c13a410421893ffa2e32 -> 
  custom:video-decoder-ogg-theora: a1e56fd34408186e4bbccfd4996cb3dc -> 
  custom:container-muxer-webm: aa71ff27fc2769a1b78a27578f13a17b -> 
  custom:container-demuxer-webm: 4f35f7cbe854078d1ac9338744f61a02 -> 
  custom:container-demuxer-ogg: 62fdf1f143b41e24485cea50d1cbac27 -> 
  custom:video-encoder-webm-vp8: eb34c28f22e8b96e1ab97ce403110664 -> 
  custom:video-decoder-webm-vp8: 9c59270c3fd7afecdb556c50c9e8de78 -> 
  custom:audio-decoder-ogg-vorbis: bf7c407c2cedff20999df2af8eb42d56 -> 
  custom:audio-encoder-webm-vorbis: bf7c407c2cedff20999df2af8eb42d56 -> 
========================================================================
Received Prepare
Registering precompiled user dll's ...
Registered in 0.003733 seconds.
Begin MonoManager ReloadAssembly
Native extension for WindowsStandalone target not found
Refreshing native plugins compatible for Editor in 0.49 ms, found 3 plugins.
Preloading 0 native plugins for Editor in 0.00 ms.
Mono: successfully reloaded assembly
- Completed reload, in  1.204 seconds
Domain Reload Profiling:
	ReloadAssembly (1204ms)
		BeginReloadAssembly (164ms)
			ExecutionOrderSort (0ms)
			DisableScriptedObjects (6ms)
			BackupInstance (0ms)
			ReleaseScriptingObjects (0ms)
			CreateAndSetChildDomain (47ms)
		EndReloadAssembly (971ms)
			LoadAssemblies (160ms)
			RebuildTransferFunctionScriptingTraits (0ms)
			SetupTypeCache (294ms)
			ReleaseScriptCaches (1ms)
			RebuildScriptCaches (69ms)
			SetupLoadedEditorAssemblies (384ms)
				LogAssemblyErrors (0ms)
				InitializePlatformSupportModulesInManaged (5ms)
				SetLoadedEditorAssemblies (1ms)
				RefreshPlugins (1ms)
				BeforeProcessingInitializeOnLoad (111ms)
				ProcessInitializeOnLoadAttributes (239ms)
				ProcessInitializeOnLoadMethodAttributes (22ms)
				AfterProcessingInitializeOnLoad (6ms)
				EditorAssembliesLoaded (0ms)
			ExecutionOrderSort2 (0ms)
			AwakeInstancesAfterBackupRestoration (4ms)
Platform modules already initialized, skipping
Refreshing native plugins compatible for Editor in 0.56 ms, found 3 plugins.
Preloading 0 native plugins for Editor in 0.00 ms.
Unloading 2222 Unused Serialized files (Serialized files now loaded: 0)
System memory in use before: 100.7 MB.
System memory in use after: 100.6 MB.

Unloading 20 unused Assets to reduce memory usage. Loaded Objects now: 2697.
Total: 2.919800 ms (FindLiveObjects: 0.115000 ms CreateObjectMapping: 0.039200 ms MarkObjects: 2.668800 ms  DeleteObjects: 0.095900 ms)

AssetImportParameters requested are different than current active one (requested -> active):
  custom:framework-win-MediaFoundation: 216162199b28c13a410421893ffa2e32 -> 
  custom:video-decoder-ogg-theora: a1e56fd34408186e4bbccfd4996cb3dc -> 
  custom:container-muxer-webm: aa71ff27fc2769a1b78a27578f13a17b -> 
  custom:container-demuxer-webm: 4f35f7cbe854078d1ac9338744f61a02 -> 
  custom:container-demuxer-ogg: 62fdf1f143b41e24485cea50d1cbac27 -> 
  custom:video-encoder-webm-vp8: eb34c28f22e8b96e1ab97ce403110664 -> 
  custom:video-decoder-webm-vp8: 9c59270c3fd7afecdb556c50c9e8de78 -> 
  custom:audio-decoder-ogg-vorbis: bf7c407c2cedff20999df2af8eb42d56 -> 
  custom:audio-encoder-webm-vorbis: bf7c407c2cedff20999df2af8eb42d56 -> 
========================================================================
Received Prepare
Registering precompiled user dll's ...
Registered in 0.003743 seconds.
Begin MonoManager ReloadAssembly
Native extension for WindowsStandalone target not found
Refreshing native plugins compatible for Editor in 0.81 ms, found 3 plugins.
Preloading 0 native plugins for Editor in 0.00 ms.
Mono: successfully reloaded assembly
- Completed reload, in  1.204 seconds
Domain Reload Profiling:
	ReloadAssembly (1205ms)
		BeginReloadAssembly (132ms)
			ExecutionOrderSort (0ms)
			DisableScriptedObjects (10ms)
			BackupInstance (0ms)
			ReleaseScriptingObjects (0ms)
			CreateAndSetChildDomain (28ms)
		EndReloadAssembly (996ms)
			LoadAssemblies (137ms)
			RebuildTransferFunctionScriptingTraits (0ms)
			SetupTypeCache (354ms)
			ReleaseScriptCaches (1ms)
			RebuildScriptCaches (69ms)
			SetupLoadedEditorAssemblies (327ms)
				LogAssemblyErrors (0ms)
				InitializePlatformSupportModulesInManaged (5ms)
				SetLoadedEditorAssemblies (1ms)
				RefreshPlugins (1ms)
				BeforeProcessingInitializeOnLoad (94ms)
				ProcessInitializeOnLoadAttributes (200ms)
				ProcessInitializeOnLoadMethodAttributes (17ms)
				AfterProcessingInitializeOnLoad (9ms)
				EditorAssembliesLoaded (0ms)
			ExecutionOrderSort2 (0ms)
			AwakeInstancesAfterBackupRestoration (5ms)
Platform modules already initialized, skipping
Refreshing native plugins compatible for Editor in 0.73 ms, found 3 plugins.
Preloading 0 native plugins for Editor in 0.00 ms.
Unloading 2222 Unused Serialized files (Serialized files now loaded: 0)
System memory in use before: 100.7 MB.
System memory in use after: 100.6 MB.

Unloading 20 unused Assets to reduce memory usage. Loaded Objects now: 2700.
Total: 5.126300 ms (FindLiveObjects: 0.178600 ms CreateObjectMapping: 0.102900 ms MarkObjects: 4.584500 ms  DeleteObjects: 0.258900 ms)

AssetImportParameters requested are different than current active one (requested -> active):
  custom:framework-win-MediaFoundation: 216162199b28c13a410421893ffa2e32 -> 
  custom:video-decoder-ogg-theora: a1e56fd34408186e4bbccfd4996cb3dc -> 
  custom:container-muxer-webm: aa71ff27fc2769a1b78a27578f13a17b -> 
  custom:container-demuxer-webm: 4f35f7cbe854078d1ac9338744f61a02 -> 
  custom:container-demuxer-ogg: 62fdf1f143b41e24485cea50d1cbac27 -> 
  custom:video-encoder-webm-vp8: eb34c28f22e8b96e1ab97ce403110664 -> 
  custom:video-decoder-webm-vp8: 9c59270c3fd7afecdb556c50c9e8de78 -> 
  custom:audio-decoder-ogg-vorbis: bf7c407c2cedff20999df2af8eb42d56 -> 
  custom:audio-encoder-webm-vorbis: bf7c407c2cedff20999df2af8eb42d56 -> 
========================================================================
Received Prepare
Registering precompiled user dll's ...
Registered in 0.003882 seconds.
Begin MonoManager ReloadAssembly
Native extension for WindowsStandalone target not found
Refreshing native plugins compatible for Editor in 0.67 ms, found 3 plugins.
Preloading 0 native plugins for Editor in 0.00 ms.
Mono: successfully reloaded assembly
- Completed reload, in  1.158 seconds
Domain Reload Profiling:
	ReloadAssembly (1158ms)
		BeginReloadAssembly (165ms)
			ExecutionOrderSort (0ms)
			DisableScriptedObjects (5ms)
			BackupInstance (0ms)
			ReleaseScriptingObjects (0ms)
			CreateAndSetChildDomain (51ms)
		EndReloadAssembly (912ms)
			LoadAssemblies (124ms)
			RebuildTransferFunctionScriptingTraits (0ms)
			SetupTypeCache (294ms)
			ReleaseScriptCaches (1ms)
			RebuildScriptCaches (46ms)
			SetupLoadedEditorAssemblies (392ms)
				LogAssemblyErrors (0ms)
				InitializePlatformSupportModulesInManaged (8ms)
				SetLoadedEditorAssemblies (1ms)
				RefreshPlugins (1ms)
				BeforeProcessingInitializeOnLoad (131ms)
				ProcessInitializeOnLoadAttributes (230ms)
				ProcessInitializeOnLoadMethodAttributes (15ms)
				AfterProcessingInitializeOnLoad (7ms)
				EditorAssembliesLoaded (0ms)
			ExecutionOrderSort2 (0ms)
			AwakeInstancesAfterBackupRestoration (5ms)
Platform modules already initialized, skipping
Refreshing native plugins compatible for Editor in 0.72 ms, found 3 plugins.
Preloading 0 native plugins for Editor in 0.00 ms.
Unloading 2222 Unused Serialized files (Serialized files now loaded: 0)
System memory in use before: 100.7 MB.
System memory in use after: 100.6 MB.

Unloading 20 unused Assets to reduce memory usage. Loaded Objects now: 2703.
Total: 2.949900 ms (FindLiveObjects: 0.134900 ms CreateObjectMapping: 0.039700 ms MarkObjects: 2.652800 ms  DeleteObjects: 0.121600 ms)

AssetImportParameters requested are different than current active one (requested -> active):
  custom:framework-win-MediaFoundation: 216162199b28c13a410421893ffa2e32 -> 
  custom:video-decoder-ogg-theora: a1e56fd34408186e4bbccfd4996cb3dc -> 
  custom:container-muxer-webm: aa71ff27fc2769a1b78a27578f13a17b -> 
  custom:container-demuxer-webm: 4f35f7cbe854078d1ac9338744f61a02 -> 
  custom:container-demuxer-ogg: 62fdf1f143b41e24485cea50d1cbac27 -> 
  custom:video-encoder-webm-vp8: eb34c28f22e8b96e1ab97ce403110664 -> 
  custom:video-decoder-webm-vp8: 9c59270c3fd7afecdb556c50c9e8de78 -> 
  custom:audio-decoder-ogg-vorbis: bf7c407c2cedff20999df2af8eb42d56 -> 
  custom:audio-encoder-webm-vorbis: bf7c407c2cedff20999df2af8eb42d56 -> 
========================================================================
Received Import Request.
  Time since last request: 448.772131 seconds.
  path: Assets/Art/Animations/AnimationClips/Right_run.anim
  artifactKey: Guid(a453501d261ffc24190d427ac901ce0e) Importer(815301076,1909f56bfc062723c751e8b465ee728b)
Start importing Assets/Art/Animations/AnimationClips/Right_run.anim using Guid(a453501d261ffc24190d427ac901ce0e) Importer(815301076,1909f56bfc062723c751e8b465ee728b)  -> (artifact id: 'd1345a13dddade190aaf7a1ea7292d1e') in 0.016163 seconds 
========================================================================
Received Prepare
Registering precompiled user dll's ...
Registered in 0.003241 seconds.
Begin MonoManager ReloadAssembly
Native extension for WindowsStandalone target not found
Refreshing native plugins compatible for Editor in 0.52 ms, found 3 plugins.
Preloading 0 native plugins for Editor in 0.00 ms.
Mono: successfully reloaded assembly
- Completed reload, in  1.213 seconds
Domain Reload Profiling:
	ReloadAssembly (1213ms)
		BeginReloadAssembly (195ms)
			ExecutionOrderSort (0ms)
			DisableScriptedObjects (11ms)
			BackupInstance (0ms)
			ReleaseScriptingObjects (0ms)
			CreateAndSetChildDomain (53ms)
		EndReloadAssembly (958ms)
			LoadAssemblies (162ms)
			RebuildTransferFunctionScriptingTraits (0ms)
			SetupTypeCache (310ms)
			ReleaseScriptCaches (1ms)
			RebuildScriptCaches (43ms)
			SetupLoadedEditorAssemblies (389ms)
				LogAssemblyErrors (0ms)
				InitializePlatformSupportModulesInManaged (4ms)
				SetLoadedEditorAssemblies (0ms)
				RefreshPlugins (1ms)
				BeforeProcessingInitializeOnLoad (130ms)
				ProcessInitializeOnLoadAttributes (233ms)
				ProcessInitializeOnLoadMethodAttributes (14ms)
				AfterProcessingInitializeOnLoad (6ms)
				EditorAssembliesLoaded (0ms)
			ExecutionOrderSort2 (0ms)
			AwakeInstancesAfterBackupRestoration (5ms)
Platform modules already initialized, skipping
Refreshing native plugins compatible for Editor in 0.50 ms, found 3 plugins.
Preloading 0 native plugins for Editor in 0.00 ms.
Unloading 2222 Unused Serialized files (Serialized files now loaded: 0)
System memory in use before: 100.7 MB.
System memory in use after: 100.6 MB.

Unloading 20 unused Assets to reduce memory usage. Loaded Objects now: 2706.
Total: 3.361400 ms (FindLiveObjects: 0.111800 ms CreateObjectMapping: 0.040600 ms MarkObjects: 3.089300 ms  DeleteObjects: 0.118400 ms)

AssetImportParameters requested are different than current active one (requested -> active):
  custom:framework-win-MediaFoundation: 216162199b28c13a410421893ffa2e32 -> 
  custom:video-decoder-ogg-theora: a1e56fd34408186e4bbccfd4996cb3dc -> 
  custom:container-muxer-webm: aa71ff27fc2769a1b78a27578f13a17b -> 
  custom:container-demuxer-webm: 4f35f7cbe854078d1ac9338744f61a02 -> 
  custom:container-demuxer-ogg: 62fdf1f143b41e24485cea50d1cbac27 -> 
  custom:video-encoder-webm-vp8: eb34c28f22e8b96e1ab97ce403110664 -> 
  custom:video-decoder-webm-vp8: 9c59270c3fd7afecdb556c50c9e8de78 -> 
  custom:audio-decoder-ogg-vorbis: bf7c407c2cedff20999df2af8eb42d56 -> 
  custom:audio-encoder-webm-vorbis: bf7c407c2cedff20999df2af8eb42d56 -> 
========================================================================
Received Prepare
Registering precompiled user dll's ...
Registered in 0.003884 seconds.
Begin MonoManager ReloadAssembly
Native extension for WindowsStandalone target not found
Refreshing native plugins compatible for Editor in 0.77 ms, found 3 plugins.
Preloading 0 native plugins for Editor in 0.00 ms.
Mono: successfully reloaded assembly
- Completed reload, in  1.304 seconds
Domain Reload Profiling:
	ReloadAssembly (1305ms)
		BeginReloadAssembly (167ms)
			ExecutionOrderSort (0ms)
			DisableScriptedObjects (12ms)
			BackupInstance (0ms)
			ReleaseScriptingObjects (0ms)
			CreateAndSetChildDomain (52ms)
		EndReloadAssembly (1070ms)
			LoadAssemblies (135ms)
			RebuildTransferFunctionScriptingTraits (0ms)
			SetupTypeCache (377ms)
			ReleaseScriptCaches (2ms)
			RebuildScriptCaches (44ms)
			SetupLoadedEditorAssemblies (419ms)
				LogAssemblyErrors (0ms)
				InitializePlatformSupportModulesInManaged (6ms)
				SetLoadedEditorAssemblies (1ms)
				RefreshPlugins (1ms)
				BeforeProcessingInitializeOnLoad (133ms)
				ProcessInitializeOnLoadAttributes (256ms)
				ProcessInitializeOnLoadMethodAttributes (15ms)
				AfterProcessingInitializeOnLoad (6ms)
				EditorAssembliesLoaded (0ms)
			ExecutionOrderSort2 (0ms)
			AwakeInstancesAfterBackupRestoration (4ms)
Platform modules already initialized, skipping
Refreshing native plugins compatible for Editor in 0.50 ms, found 3 plugins.
Preloading 0 native plugins for Editor in 0.00 ms.
Unloading 2222 Unused Serialized files (Serialized files now loaded: 0)
System memory in use before: 100.7 MB.
System memory in use after: 100.7 MB.

Unloading 20 unused Assets to reduce memory usage. Loaded Objects now: 2709.
Total: 2.881600 ms (FindLiveObjects: 0.179200 ms CreateObjectMapping: 0.064700 ms MarkObjects: 2.469300 ms  DeleteObjects: 0.167500 ms)

AssetImportParameters requested are different than current active one (requested -> active):
  custom:framework-win-MediaFoundation: 216162199b28c13a410421893ffa2e32 -> 
  custom:video-decoder-ogg-theora: a1e56fd34408186e4bbccfd4996cb3dc -> 
  custom:container-muxer-webm: aa71ff27fc2769a1b78a27578f13a17b -> 
  custom:container-demuxer-webm: 4f35f7cbe854078d1ac9338744f61a02 -> 
  custom:container-demuxer-ogg: 62fdf1f143b41e24485cea50d1cbac27 -> 
  custom:video-encoder-webm-vp8: eb34c28f22e8b96e1ab97ce403110664 -> 
  custom:video-decoder-webm-vp8: 9c59270c3fd7afecdb556c50c9e8de78 -> 
  custom:audio-decoder-ogg-vorbis: bf7c407c2cedff20999df2af8eb42d56 -> 
  custom:audio-encoder-webm-vorbis: bf7c407c2cedff20999df2af8eb42d56 -> 
========================================================================
Received Import Request.
  Time since last request: 150.649494 seconds.
  path: Assets/Scripts/EnemyController.cs
  artifactKey: Guid(b721d9b7eceb5a94199be316758d9320) Importer(815301076,1909f56bfc062723c751e8b465ee728b)
Start importing Assets/Scripts/EnemyController.cs using Guid(b721d9b7eceb5a94199be316758d9320) Importer(815301076,1909f56bfc062723c751e8b465ee728b)  -> (artifact id: '5cea36032c253ade813f0855ac06a4bb') in 0.019063 seconds 
========================================================================
Received Prepare
Registering precompiled user dll's ...
Registered in 0.003616 seconds.
Begin MonoManager ReloadAssembly
Native extension for WindowsStandalone target not found
Refreshing native plugins compatible for Editor in 0.52 ms, found 3 plugins.
Preloading 0 native plugins for Editor in 0.00 ms.
Mono: successfully reloaded assembly
- Completed reload, in  1.067 seconds
Domain Reload Profiling:
	ReloadAssembly (1068ms)
		BeginReloadAssembly (155ms)
			ExecutionOrderSort (0ms)
			DisableScriptedObjects (7ms)
			BackupInstance (0ms)
			ReleaseScriptingObjects (0ms)
			CreateAndSetChildDomain (33ms)
		EndReloadAssembly (822ms)
			LoadAssemblies (139ms)
			RebuildTransferFunctionScriptingTraits (0ms)
			SetupTypeCache (240ms)
			ReleaseScriptCaches (1ms)
			RebuildScriptCaches (47ms)
			SetupLoadedEditorAssemblies (344ms)
				LogAssemblyErrors (0ms)
				InitializePlatformSupportModulesInManaged (4ms)
				SetLoadedEditorAssemblies (0ms)
				RefreshPlugins (1ms)
				BeforeProcessingInitializeOnLoad (122ms)
				ProcessInitializeOnLoadAttributes (196ms)
				ProcessInitializeOnLoadMethodAttributes (14ms)
				AfterProcessingInitializeOnLoad (6ms)
				EditorAssembliesLoaded (0ms)
			ExecutionOrderSort2 (0ms)
			AwakeInstancesAfterBackupRestoration (4ms)
Platform modules already initialized, skipping
Refreshing native plugins compatible for Editor in 0.52 ms, found 3 plugins.
Preloading 0 native plugins for Editor in 0.00 ms.
Unloading 2222 Unused Serialized files (Serialized files now loaded: 0)
System memory in use before: 100.8 MB.
System memory in use after: 100.8 MB.

Unloading 20 unused Assets to reduce memory usage. Loaded Objects now: 2712.
Total: 3.817900 ms (FindLiveObjects: 0.158600 ms CreateObjectMapping: 0.080100 ms MarkObjects: 3.412400 ms  DeleteObjects: 0.165100 ms)

AssetImportParameters requested are different than current active one (requested -> active):
  custom:framework-win-MediaFoundation: 216162199b28c13a410421893ffa2e32 -> 
  custom:video-decoder-ogg-theora: a1e56fd34408186e4bbccfd4996cb3dc -> 
  custom:container-muxer-webm: aa71ff27fc2769a1b78a27578f13a17b -> 
  custom:container-demuxer-webm: 4f35f7cbe854078d1ac9338744f61a02 -> 
  custom:container-demuxer-ogg: 62fdf1f143b41e24485cea50d1cbac27 -> 
  custom:video-encoder-webm-vp8: eb34c28f22e8b96e1ab97ce403110664 -> 
  custom:video-decoder-webm-vp8: 9c59270c3fd7afecdb556c50c9e8de78 -> 
  custom:audio-decoder-ogg-vorbis: bf7c407c2cedff20999df2af8eb42d56 -> 
  custom:audio-encoder-webm-vorbis: bf7c407c2cedff20999df2af8eb42d56 -> 
========================================================================
Received Import Request.
  Time since last request: 42.441217 seconds.
  path: Assets/Art/Tiles/FloorBricksToGrassCorner_0.asset
  artifactKey: Guid(41646da55a3b6f041b743d0d28a1a5e4) Importer(815301076,1909f56bfc062723c751e8b465ee728b)
Start importing Assets/Art/Tiles/FloorBricksToGrassCorner_0.asset using Guid(41646da55a3b6f041b743d0d28a1a5e4) Importer(815301076,1909f56bfc062723c751e8b465ee728b)  -> (artifact id: 'e904d8f63551442d0fc20507711ad585') in 0.051976 seconds 
========================================================================
Received Import Request.
  Time since last request: 0.000271 seconds.
  path: Assets/Art/Tiles/FloorBricksToGrassCorner_7.asset
  artifactKey: Guid(6c1faa1c7daf69e4bb8adee8d2e2f800) Importer(815301076,1909f56bfc062723c751e8b465ee728b)
Start importing Assets/Art/Tiles/FloorBricksToGrassCorner_7.asset using Guid(6c1faa1c7daf69e4bb8adee8d2e2f800) Importer(815301076,1909f56bfc062723c751e8b465ee728b)  -> (artifact id: 'fccab437a62187106b0473d7d1f06012') in 0.010317 seconds 
========================================================================
Received Import Request.
  Time since last request: 0.000208 seconds.
  path: Assets/Art/Tiles/FloorBricksToGrassCorner_6.asset
  artifactKey: Guid(399e6e67fc2d2224491a5cfbfca712e9) Importer(815301076,1909f56bfc062723c751e8b465ee728b)
Start importing Assets/Art/Tiles/FloorBricksToGrassCorner_6.asset using Guid(399e6e67fc2d2224491a5cfbfca712e9) Importer(815301076,1909f56bfc062723c751e8b465ee728b)  -> (artifact id: '1d355896d6c5389bcff72dacdd769ae3') in 0.010969 seconds 
========================================================================
Received Import Request.
  Time since last request: 0.000222 seconds.
  path: Assets/Art/Tiles/FloorGrassToBricksCorner_0.asset
  artifactKey: Guid(551c537acb834ac4b9824cb7e174b9cb) Importer(815301076,1909f56bfc062723c751e8b465ee728b)
Start importing Assets/Art/Tiles/FloorGrassToBricksCorner_0.asset using Guid(551c537acb834ac4b9824cb7e174b9cb) Importer(815301076,1909f56bfc062723c751e8b465ee728b)  -> (artifact id: 'b7b758cdde2f260f1e6e64568c303745') in 0.010869 seconds 
========================================================================
Received Import Request.
  Time since last request: 0.000575 seconds.
  path: Assets/Art/Tiles/FloorGrassToBricksSquare_8.asset
  artifactKey: Guid(a614393efd223974ebf84fdb5bf87970) Importer(815301076,1909f56bfc062723c751e8b465ee728b)
Start importing Assets/Art/Tiles/FloorGrassToBricksSquare_8.asset using Guid(a614393efd223974ebf84fdb5bf87970) Importer(815301076,1909f56bfc062723c751e8b465ee728b)  -> (artifact id: '7e51e33dc855166070940bb6aa437333') in 0.009841 seconds 
========================================================================
Received Import Request.
  Time since last request: 0.000267 seconds.
  path: Assets/Art/Tiles/FloorGrassToBricksCorner_8.asset
  artifactKey: Guid(2ee30718cd0a1974bb7236fb3ccbf0de) Importer(815301076,1909f56bfc062723c751e8b465ee728b)
Start importing Assets/Art/Tiles/FloorGrassToBricksCorner_8.asset using Guid(2ee30718cd0a1974bb7236fb3ccbf0de) Importer(815301076,1909f56bfc062723c751e8b465ee728b)  -> (artifact id: '4db20ac4169b266c8e039e209f156d0e') in 0.011002 seconds 
========================================================================
Received Import Request.
  Time since last request: 0.000246 seconds.
  path: Assets/Art/Tiles/FloorBricksToGrassSquare_3.asset
  artifactKey: Guid(b26852a1bdd6fc74e918e863e1ba4099) Importer(815301076,1909f56bfc062723c751e8b465ee728b)
Start importing Assets/Art/Tiles/FloorBricksToGrassSquare_3.asset using Guid(b26852a1bdd6fc74e918e863e1ba4099) Importer(815301076,1909f56bfc062723c751e8b465ee728b)  -> (artifact id: '68ef87729c3984d2f0eabc638cfbbd1f') in 0.010283 seconds 
========================================================================
Received Import Request.
  Time since last request: 0.000247 seconds.
  path: Assets/Art/Tiles/FloorGrassToBricksSquare_1.asset
  artifactKey: Guid(d13ba59990c0a094888d12435d6ae482) Importer(815301076,1909f56bfc062723c751e8b465ee728b)
Start importing Assets/Art/Tiles/FloorGrassToBricksSquare_1.asset using Guid(d13ba59990c0a094888d12435d6ae482) Importer(815301076,1909f56bfc062723c751e8b465ee728b)  -> (artifact id: 'a0a13b194d52cf14037392ffe63d101c') in 0.011500 seconds 
========================================================================
Received Import Request.
  Time since last request: 0.000309 seconds.
  path: Assets/Art/Tiles/FloorGrassToBricksCorner_3.asset
  artifactKey: Guid(7a9ccf4a1f8001d4b9f971a08a378fc2) Importer(815301076,1909f56bfc062723c751e8b465ee728b)
Start importing Assets/Art/Tiles/FloorGrassToBricksCorner_3.asset using Guid(7a9ccf4a1f8001d4b9f971a08a378fc2) Importer(815301076,1909f56bfc062723c751e8b465ee728b)  -> (artifact id: '4806bff4821e7994f465dcdb50fb61d9') in 0.010439 seconds 
========================================================================
Received Import Request.
  Time since last request: 0.000252 seconds.
  path: Assets/Art/Tiles/FloorGrassToBricksCorner_1.asset
  artifactKey: Guid(f99e80651f58e9f449e36c83ba62be74) Importer(815301076,1909f56bfc062723c751e8b465ee728b)
Start importing Assets/Art/Tiles/FloorGrassToBricksCorner_1.asset using Guid(f99e80651f58e9f449e36c83ba62be74) Importer(815301076,1909f56bfc062723c751e8b465ee728b)  -> (artifact id: '47674aeac6439f5f7947e3dc4fb50ca9') in 0.010429 seconds 
========================================================================
Received Import Request.
  Time since last request: 0.000297 seconds.
  path: Assets/Art/Tiles/FloorGrassToBricksSquare_6.asset
  artifactKey: Guid(f9a2522177e2a324cb426c22a0671c1d) Importer(815301076,1909f56bfc062723c751e8b465ee728b)
Start importing Assets/Art/Tiles/FloorGrassToBricksSquare_6.asset using Guid(f9a2522177e2a324cb426c22a0671c1d) Importer(815301076,1909f56bfc062723c751e8b465ee728b)  -> (artifact id: '4af9006df06e561332e6fca28ebc7c94') in 0.010079 seconds 
========================================================================
Received Import Request.
  Time since last request: 0.000197 seconds.
  path: Assets/Art/Tiles/FloorGrassToBricksSquare_4.asset
  artifactKey: Guid(fa8140bac2cc2dc4d91eeb89323b0d32) Importer(815301076,1909f56bfc062723c751e8b465ee728b)
Start importing Assets/Art/Tiles/FloorGrassToBricksSquare_4.asset using Guid(fa8140bac2cc2dc4d91eeb89323b0d32) Importer(815301076,1909f56bfc062723c751e8b465ee728b)  -> (artifact id: '51f652abebcf283c3bc3f5368a4a95a0') in 0.011474 seconds 
========================================================================
Received Import Request.
  Time since last request: 0.000181 seconds.
  path: Assets/Art/Tiles/FloorBricksToGrassCorner_8.asset
  artifactKey: Guid(b117f550f4624f644bfd3104f843226f) Importer(815301076,1909f56bfc062723c751e8b465ee728b)
Start importing Assets/Art/Tiles/FloorBricksToGrassCorner_8.asset using Guid(b117f550f4624f644bfd3104f843226f) Importer(815301076,1909f56bfc062723c751e8b465ee728b)  -> (artifact id: '642f09022435b93711c2b21119d414f2') in 0.012071 seconds 
========================================================================
Received Import Request.
  Time since last request: 0.000167 seconds.
  path: Assets/Art/Tiles/FloorBricksToGrassSquare_8.asset
  artifactKey: Guid(14dc0e7ba3ea56b4d95583f8dc6a5429) Importer(815301076,1909f56bfc062723c751e8b465ee728b)
Start importing Assets/Art/Tiles/FloorBricksToGrassSquare_8.asset using Guid(14dc0e7ba3ea56b4d95583f8dc6a5429) Importer(815301076,1909f56bfc062723c751e8b465ee728b)  -> (artifact id: '164167903cf5c887d7c740706d0cb84c') in 0.011902 seconds 
========================================================================
Received Import Request.
  Time since last request: 0.000192 seconds.
  path: Assets/Art/Tiles/FloorBricksToGrassSquare_1.asset
  artifactKey: Guid(7e7ce52055877ce4db2c1b22c664aea2) Importer(815301076,1909f56bfc062723c751e8b465ee728b)
Start importing Assets/Art/Tiles/FloorBricksToGrassSquare_1.asset using Guid(7e7ce52055877ce4db2c1b22c664aea2) Importer(815301076,1909f56bfc062723c751e8b465ee728b)  -> (artifact id: 'f1336eb17912fdc933a745559d4d823c') in 0.011343 seconds 
========================================================================
Received Import Request.
  Time since last request: 0.000186 seconds.
  path: Assets/Art/Tiles/FloorBricksToGrassSquare_7.asset
  artifactKey: Guid(1078d422ba7df2f439c6577b47811312) Importer(815301076,1909f56bfc062723c751e8b465ee728b)
Start importing Assets/Art/Tiles/FloorBricksToGrassSquare_7.asset using Guid(1078d422ba7df2f439c6577b47811312) Importer(815301076,1909f56bfc062723c751e8b465ee728b)  -> (artifact id: 'ea399678d21c1459389df4e6f6eb5d8a') in 0.011558 seconds 
========================================================================
Received Import Request.
  Time since last request: 0.000178 seconds.
  path: Assets/Art/Tiles/FloorGrassToBricksSquare_7.asset
  artifactKey: Guid(9304b9dca6ea43241b9395f913e4bb83) Importer(815301076,1909f56bfc062723c751e8b465ee728b)
Start importing Assets/Art/Tiles/FloorGrassToBricksSquare_7.asset using Guid(9304b9dca6ea43241b9395f913e4bb83) Importer(815301076,1909f56bfc062723c751e8b465ee728b)  -> (artifact id: '36ba2eb9c520c1eb15097c4eac7cc449') in 0.010649 seconds 
========================================================================
Received Import Request.
  Time since last request: 0.000218 seconds.
  path: Assets/Art/Tiles/FloorGrassToBricksCorner_5.asset
  artifactKey: Guid(a96f3353d13099345b20edca6edce24f) Importer(815301076,1909f56bfc062723c751e8b465ee728b)
Start importing Assets/Art/Tiles/FloorGrassToBricksCorner_5.asset using Guid(a96f3353d13099345b20edca6edce24f) Importer(815301076,1909f56bfc062723c751e8b465ee728b)  -> (artifact id: 'cbb0cb7e2ac1fc413c8b58536a8cdb40') in 0.011784 seconds 
========================================================================
Received Import Request.
  Time since last request: 0.000220 seconds.
  path: Assets/Art/Tiles/FloorBricksToGrassCorner_3.asset
  artifactKey: Guid(698f7dd43cd5ac84c9aa9f19989ee2c0) Importer(815301076,1909f56bfc062723c751e8b465ee728b)
Start importing Assets/Art/Tiles/FloorBricksToGrassCorner_3.asset using Guid(698f7dd43cd5ac84c9aa9f19989ee2c0) Importer(815301076,1909f56bfc062723c751e8b465ee728b)  -> (artifact id: 'f8acfbd788eafc204ef4f6734d4af174') in 0.010739 seconds 
========================================================================
Received Import Request.
  Time since last request: 0.000190 seconds.
  path: Assets/Art/Tiles/FloorBricksToGrassSquare_4.asset
  artifactKey: Guid(4abea708c66d4e64aa4f2917697f1ec9) Importer(815301076,1909f56bfc062723c751e8b465ee728b)
Start importing Assets/Art/Tiles/FloorBricksToGrassSquare_4.asset using Guid(4abea708c66d4e64aa4f2917697f1ec9) Importer(815301076,1909f56bfc062723c751e8b465ee728b)  -> (artifact id: '7c67448ca235ba04d85eb7721035fd04') in 0.011221 seconds 
========================================================================
Received Import Request.
  Time since last request: 0.000220 seconds.
  path: Assets/Art/Tiles/FloorGrassToBricksSquare_3.asset
  artifactKey: Guid(a86366fc2d6c3aa4f9156eb9d2ed3229) Importer(815301076,1909f56bfc062723c751e8b465ee728b)
Start importing Assets/Art/Tiles/FloorGrassToBricksSquare_3.asset using Guid(a86366fc2d6c3aa4f9156eb9d2ed3229) Importer(815301076,1909f56bfc062723c751e8b465ee728b)  -> (artifact id: '584487cf1280123f0a41b3b36c39a216') in 0.009762 seconds 
========================================================================
Received Import Request.
  Time since last request: 0.000216 seconds.
  path: Assets/Art/Tiles/FloorBricksToGrassSquare_5.asset
  artifactKey: Guid(cbe63d089fcedc046a5c724fc983e19f) Importer(815301076,1909f56bfc062723c751e8b465ee728b)
Start importing Assets/Art/Tiles/FloorBricksToGrassSquare_5.asset using Guid(cbe63d089fcedc046a5c724fc983e19f) Importer(815301076,1909f56bfc062723c751e8b465ee728b)  -> (artifact id: 'dfbe014488ded2c59ed7c89e4fcd7086') in 0.010135 seconds 
========================================================================
Received Import Request.
  Time since last request: 0.000226 seconds.
  path: Assets/Art/Tiles/FloorGrassToBricksCorner_7.asset
  artifactKey: Guid(0ddb798a88223b24fbf5e29fb0749187) Importer(815301076,1909f56bfc062723c751e8b465ee728b)
Start importing Assets/Art/Tiles/FloorGrassToBricksCorner_7.asset using Guid(0ddb798a88223b24fbf5e29fb0749187) Importer(815301076,1909f56bfc062723c751e8b465ee728b)  -> (artifact id: '63277b8df8e9fa37ea50c470838be3c4') in 0.010912 seconds 
========================================================================
Received Import Request.
  Time since last request: 0.000203 seconds.
  path: Assets/Art/Tiles/FloorGrassToBricksSquare_5.asset
  artifactKey: Guid(7290b58be4e8c11408b67053c42aad4d) Importer(815301076,1909f56bfc062723c751e8b465ee728b)
Start importing Assets/Art/Tiles/FloorGrassToBricksSquare_5.asset using Guid(7290b58be4e8c11408b67053c42aad4d) Importer(815301076,1909f56bfc062723c751e8b465ee728b)  -> (artifact id: 'eb47e820b79dc8986b34623148958db5') in 0.011532 seconds 
========================================================================
Received Import Request.
  Time since last request: 0.000197 seconds.
  path: Assets/Art/Tiles/FloorBricksToGrassCorner_1.asset
  artifactKey: Guid(1db8d7280305b5a4abb3de6d0270682f) Importer(815301076,1909f56bfc062723c751e8b465ee728b)
Start importing Assets/Art/Tiles/FloorBricksToGrassCorner_1.asset using Guid(1db8d7280305b5a4abb3de6d0270682f) Importer(815301076,1909f56bfc062723c751e8b465ee728b)  -> (artifact id: '1d1a9d496a001308cb6f7659f259c544') in 0.011051 seconds 
========================================================================
Received Import Request.
  Time since last request: 0.000188 seconds.
  path: Assets/Art/Tiles/FloorGrassToBricksCorner_2.asset
  artifactKey: Guid(3192c850649d1f245916b5acc2746f06) Importer(815301076,1909f56bfc062723c751e8b465ee728b)
Start importing Assets/Art/Tiles/FloorGrassToBricksCorner_2.asset using Guid(3192c850649d1f245916b5acc2746f06) Importer(815301076,1909f56bfc062723c751e8b465ee728b)  -> (artifact id: 'd50dbc844d97640357681057acdd0edb') in 0.009215 seconds 
========================================================================
Received Import Request.
  Time since last request: 0.000262 seconds.
  path: Assets/Art/Tiles/FloorBricksToGrassSquare_6.asset
  artifactKey: Guid(778571d1ba8d0c84d93ecf60bce0b149) Importer(815301076,1909f56bfc062723c751e8b465ee728b)
Start importing Assets/Art/Tiles/FloorBricksToGrassSquare_6.asset using Guid(778571d1ba8d0c84d93ecf60bce0b149) Importer(815301076,1909f56bfc062723c751e8b465ee728b)  -> (artifact id: '23307b663456c643d523d1e190408f73') in 0.010013 seconds 
========================================================================
Received Import Request.
  Time since last request: 0.000285 seconds.
  path: Assets/Art/Tiles/FloorBricksToGrassCorner_2.asset
  artifactKey: Guid(b1705384e0348db40b75bb2ac67ba457) Importer(815301076,1909f56bfc062723c751e8b465ee728b)
Start importing Assets/Art/Tiles/FloorBricksToGrassCorner_2.asset using Guid(b1705384e0348db40b75bb2ac67ba457) Importer(815301076,1909f56bfc062723c751e8b465ee728b)  -> (artifact id: 'b44a26c6c5399410622cd0ad02e95853') in 0.010321 seconds 
========================================================================
Received Import Request.
  Time since last request: 0.000244 seconds.
  path: Assets/Art/Tiles/FloorBricksToGrassSquare_0.asset
  artifactKey: Guid(8508c525bdf86cb47a317df85fe50364) Importer(815301076,1909f56bfc062723c751e8b465ee728b)
Start importing Assets/Art/Tiles/FloorBricksToGrassSquare_0.asset using Guid(8508c525bdf86cb47a317df85fe50364) Importer(815301076,1909f56bfc062723c751e8b465ee728b)  -> (artifact id: 'a6fdae359d11024ee41c0de16459343c') in 0.011197 seconds 
========================================================================
Received Import Request.
  Time since last request: 0.000260 seconds.
  path: Assets/Art/Tiles/FloorGrassToBricksSquare_2.asset
  artifactKey: Guid(afe32d05129e9464388a61823997bdb7) Importer(815301076,1909f56bfc062723c751e8b465ee728b)
Start importing Assets/Art/Tiles/FloorGrassToBricksSquare_2.asset using Guid(afe32d05129e9464388a61823997bdb7) Importer(815301076,1909f56bfc062723c751e8b465ee728b)  -> (artifact id: '83091843d11412fc9086a924be29b521') in 0.010242 seconds 
========================================================================
Received Import Request.
  Time since last request: 0.000249 seconds.
  path: Assets/Art/Tiles/FloorGrassToBricksCorner_4.asset
  artifactKey: Guid(33a1369132da95a428fc9026d06ec3dc) Importer(815301076,1909f56bfc062723c751e8b465ee728b)
Start importing Assets/Art/Tiles/FloorGrassToBricksCorner_4.asset using Guid(33a1369132da95a428fc9026d06ec3dc) Importer(815301076,1909f56bfc062723c751e8b465ee728b)  -> (artifact id: '7b48d872dceca80fe351c1200cb27492') in 0.010690 seconds 
========================================================================
Received Import Request.
  Time since last request: 0.000253 seconds.
  path: Assets/Art/Tiles/FloorBricksToGrassCorner_4.asset
  artifactKey: Guid(1042dcbd4d9726c408e99ef321716c4b) Importer(815301076,1909f56bfc062723c751e8b465ee728b)
Start importing Assets/Art/Tiles/FloorBricksToGrassCorner_4.asset using Guid(1042dcbd4d9726c408e99ef321716c4b) Importer(815301076,1909f56bfc062723c751e8b465ee728b)  -> (artifact id: '1d06a3aaad17a771c6fedf8ed447fbfa') in 0.010528 seconds 
========================================================================
Received Import Request.
  Time since last request: 0.000236 seconds.
  path: Assets/Art/Tiles/FloorGrassToBricksCorner_6.asset
  artifactKey: Guid(b5c949df2e6e16d4c8e8760ed850045d) Importer(815301076,1909f56bfc062723c751e8b465ee728b)
Start importing Assets/Art/Tiles/FloorGrassToBricksCorner_6.asset using Guid(b5c949df2e6e16d4c8e8760ed850045d) Importer(815301076,1909f56bfc062723c751e8b465ee728b)  -> (artifact id: 'cdfceb794756c8aa8e536e8dcf2d38ca') in 0.010244 seconds 
========================================================================
Received Import Request.
  Time since last request: 0.000244 seconds.
  path: Assets/Art/Tiles/FloorGrassToBricksSquare_0.asset
  artifactKey: Guid(21c1d1f2e366d6a408ac5152792087cc) Importer(815301076,1909f56bfc062723c751e8b465ee728b)
Start importing Assets/Art/Tiles/FloorGrassToBricksSquare_0.asset using Guid(21c1d1f2e366d6a408ac5152792087cc) Importer(815301076,1909f56bfc062723c751e8b465ee728b)  -> (artifact id: 'a34d3a7295e263cfeb2cd2b05c3cbb79') in 0.010082 seconds 
========================================================================
Received Import Request.
  Time since last request: 0.000264 seconds.
  path: Assets/Art/Tiles/FloorBricksToGrassSquare_2.asset
  artifactKey: Guid(bc62511a9457eb1408964dc69ebcc422) Importer(815301076,1909f56bfc062723c751e8b465ee728b)
Start importing Assets/Art/Tiles/FloorBricksToGrassSquare_2.asset using Guid(bc62511a9457eb1408964dc69ebcc422) Importer(815301076,1909f56bfc062723c751e8b465ee728b)  -> (artifact id: 'db6b6cf4e4b2d663a8e542539090bb38') in 0.010369 seconds 
========================================================================
Received Import Request.
  Time since last request: 0.000484 seconds.
  path: Assets/Art/Tiles/FloorBricksToGrassCorner_5.asset
  artifactKey: Guid(530513b5dd987cd4aa71a6c9d5802b23) Importer(815301076,1909f56bfc062723c751e8b465ee728b)
Start importing Assets/Art/Tiles/FloorBricksToGrassCorner_5.asset using Guid(530513b5dd987cd4aa71a6c9d5802b23) Importer(815301076,1909f56bfc062723c751e8b465ee728b)  -> (artifact id: 'bef83786ed23d081f2b5091d6a5d1b0f') in 0.010216 seconds 
========================================================================
Received Import Request.
  Time since last request: 2.463357 seconds.
  path: Assets/Prefabs/Enemy.prefab
  artifactKey: Guid(02ddea2c6e3afa34e9052ff3751d0037) Importer(815301076,1909f56bfc062723c751e8b465ee728b)
Start importing Assets/Prefabs/Enemy.prefab using Guid(02ddea2c6e3afa34e9052ff3751d0037) Importer(815301076,1909f56bfc062723c751e8b465ee728b)  -> (artifact id: '3ca1fdf8292054c0695972169a419100') in 0.039487 seconds 
========================================================================
Received Import Request.
  Time since last request: 9.829467 seconds.
  path: Assets/Prefabs/Ruby.prefab
  artifactKey: Guid(51407d2961b76b741a076219d92892ba) Importer(815301076,1909f56bfc062723c751e8b465ee728b)
Start importing Assets/Prefabs/Ruby.prefab using Guid(51407d2961b76b741a076219d92892ba) Importer(815301076,1909f56bfc062723c751e8b465ee728b)  -> (artifact id: '4af0e6262b58eb0066e01d2a6382df5a') in 0.011520 seconds 
========================================================================
Received Import Request.
  Time since last request: 17.330913 seconds.
  path: Assets/Prefabs/Ruby.prefab
  artifactKey: Guid(51407d2961b76b741a076219d92892ba) Importer(815301076,1909f56bfc062723c751e8b465ee728b)
Start importing Assets/Prefabs/Ruby.prefab using Guid(51407d2961b76b741a076219d92892ba) Importer(815301076,1909f56bfc062723c751e8b465ee728b)  -> (artifact id: '7d5c727b136918065a4f507433674960') in 0.024803 seconds 
========================================================================
Received Import Request.
  Time since last request: 14.551678 seconds.
  path: Assets/Art/Animations/Ruby.controller
  artifactKey: Guid(b77822e0485373d40b5beb92e9a5e728) Importer(815301076,1909f56bfc062723c751e8b465ee728b)
Start importing Assets/Art/Animations/Ruby.controller using Guid(b77822e0485373d40b5beb92e9a5e728) Importer(815301076,1909f56bfc062723c751e8b465ee728b)  -> (artifact id: 'c4fcd81e4a2ae98a8f7cade00f6374c8') in 0.010441 seconds 
========================================================================
Received Import Request.
  Time since last request: 21.540186 seconds.
  path: Assets/Prefabs/Enemy.prefab
  artifactKey: Guid(02ddea2c6e3afa34e9052ff3751d0037) Importer(815301076,1909f56bfc062723c751e8b465ee728b)
Start importing Assets/Prefabs/Enemy.prefab using Guid(02ddea2c6e3afa34e9052ff3751d0037) Importer(815301076,1909f56bfc062723c751e8b465ee728b)  -> (artifact id: 'ed4fb6deea454e09dcf14ba9bdd6887e') in 0.016707 seconds 
========================================================================
Received Import Request.
  Time since last request: 105.172307 seconds.
  path: Assets/Scripts/RubyController.cs
  artifactKey: Guid(fa03422748243054eafd0a2948cbf226) Importer(815301076,1909f56bfc062723c751e8b465ee728b)
Start importing Assets/Scripts/RubyController.cs using Guid(fa03422748243054eafd0a2948cbf226) Importer(815301076,1909f56bfc062723c751e8b465ee728b)  -> (artifact id: '455f25417b8342d3a4f33e66b946845b') in 0.003845 seconds 
========================================================================
Received Prepare
Registering precompiled user dll's ...
Registered in 0.004968 seconds.
Begin MonoManager ReloadAssembly
Native extension for WindowsStandalone target not found
Refreshing native plugins compatible for Editor in 0.51 ms, found 3 plugins.
Preloading 0 native plugins for Editor in 0.00 ms.
Mono: successfully reloaded assembly
- Completed reload, in  1.307 seconds
Domain Reload Profiling:
	ReloadAssembly (1307ms)
		BeginReloadAssembly (176ms)
			ExecutionOrderSort (0ms)
			DisableScriptedObjects (5ms)
			BackupInstance (0ms)
			ReleaseScriptingObjects (0ms)
			CreateAndSetChildDomain (53ms)
		EndReloadAssembly (1035ms)
			LoadAssemblies (149ms)
			RebuildTransferFunctionScriptingTraits (0ms)
			SetupTypeCache (341ms)
			ReleaseScriptCaches (2ms)
			RebuildScriptCaches (67ms)
			SetupLoadedEditorAssemblies (399ms)
				LogAssemblyErrors (0ms)
				InitializePlatformSupportModulesInManaged (4ms)
				SetLoadedEditorAssemblies (0ms)
				RefreshPlugins (1ms)
				BeforeProcessingInitializeOnLoad (131ms)
				ProcessInitializeOnLoadAttributes (226ms)
				ProcessInitializeOnLoadMethodAttributes (23ms)
				AfterProcessingInitializeOnLoad (13ms)
				EditorAssembliesLoaded (0ms)
			ExecutionOrderSort2 (0ms)
			AwakeInstancesAfterBackupRestoration (8ms)
Platform modules already initialized, skipping
Refreshing native plugins compatible for Editor in 0.44 ms, found 3 plugins.
Preloading 0 native plugins for Editor in 0.00 ms.
Unloading 2222 Unused Serialized files (Serialized files now loaded: 0)
System memory in use before: 101.0 MB.
System memory in use after: 101.0 MB.

Unloading 20 unused Assets to reduce memory usage. Loaded Objects now: 2719.
Total: 5.700600 ms (FindLiveObjects: 0.241500 ms CreateObjectMapping: 0.113100 ms MarkObjects: 5.139300 ms  DeleteObjects: 0.205200 ms)

AssetImportParameters requested are different than current active one (requested -> active):
  custom:framework-win-MediaFoundation: 216162199b28c13a410421893ffa2e32 -> 
  custom:video-decoder-ogg-theora: a1e56fd34408186e4bbccfd4996cb3dc -> 
  custom:container-muxer-webm: aa71ff27fc2769a1b78a27578f13a17b -> 
  custom:container-demuxer-webm: 4f35f7cbe854078d1ac9338744f61a02 -> 
  custom:container-demuxer-ogg: 62fdf1f143b41e24485cea50d1cbac27 -> 
  custom:video-encoder-webm-vp8: eb34c28f22e8b96e1ab97ce403110664 -> 
  custom:video-decoder-webm-vp8: 9c59270c3fd7afecdb556c50c9e8de78 -> 
  custom:audio-decoder-ogg-vorbis: bf7c407c2cedff20999df2af8eb42d56 -> 
  custom:audio-encoder-webm-vorbis: bf7c407c2cedff20999df2af8eb42d56 -> 
========================================================================
Received Import Request.
  Time since last request: 10.225204 seconds.
  path: Assets/Scripts/RubyController.cs
  artifactKey: Guid(fa03422748243054eafd0a2948cbf226) Importer(815301076,1909f56bfc062723c751e8b465ee728b)
Start importing Assets/Scripts/RubyController.cs using Guid(fa03422748243054eafd0a2948cbf226) Importer(815301076,1909f56bfc062723c751e8b465ee728b)  -> (artifact id: 'ee21ac5e1546094bd63f33b248a112fd') in 0.010465 seconds 
========================================================================
Received Prepare
Registering precompiled user dll's ...
Registered in 0.005910 seconds.
Begin MonoManager ReloadAssembly
Native extension for WindowsStandalone target not found
Refreshing native plugins compatible for Editor in 0.50 ms, found 3 plugins.
Preloading 0 native plugins for Editor in 0.00 ms.
Mono: successfully reloaded assembly
- Completed reload, in  1.241 seconds
Domain Reload Profiling:
	ReloadAssembly (1242ms)
		BeginReloadAssembly (165ms)
			ExecutionOrderSort (0ms)
			DisableScriptedObjects (8ms)
			BackupInstance (0ms)
			ReleaseScriptingObjects (0ms)
			CreateAndSetChildDomain (43ms)
		EndReloadAssembly (998ms)
			LoadAssemblies (170ms)
			RebuildTransferFunctionScriptingTraits (0ms)
			SetupTypeCache (355ms)
			ReleaseScriptCaches (2ms)
			RebuildScriptCaches (65ms)
			SetupLoadedEditorAssemblies (356ms)
				LogAssemblyErrors (0ms)
				InitializePlatformSupportModulesInManaged (4ms)
				SetLoadedEditorAssemblies (0ms)
				RefreshPlugins (1ms)
				BeforeProcessingInitializeOnLoad (110ms)
				ProcessInitializeOnLoadAttributes (220ms)
				ProcessInitializeOnLoadMethodAttributes (14ms)
				AfterProcessingInitializeOnLoad (6ms)
				EditorAssembliesLoaded (0ms)
			ExecutionOrderSort2 (0ms)
			AwakeInstancesAfterBackupRestoration (4ms)
Platform modules already initialized, skipping
Refreshing native plugins compatible for Editor in 0.69 ms, found 3 plugins.
Preloading 0 native plugins for Editor in 0.00 ms.
Unloading 2222 Unused Serialized files (Serialized files now loaded: 0)
System memory in use before: 101.0 MB.
System memory in use after: 101.0 MB.

Unloading 20 unused Assets to reduce memory usage. Loaded Objects now: 2722.
Total: 3.554300 ms (FindLiveObjects: 0.148700 ms CreateObjectMapping: 0.062000 ms MarkObjects: 3.223900 ms  DeleteObjects: 0.118700 ms)

AssetImportParameters requested are different than current active one (requested -> active):
  custom:framework-win-MediaFoundation: 216162199b28c13a410421893ffa2e32 -> 
  custom:video-decoder-ogg-theora: a1e56fd34408186e4bbccfd4996cb3dc -> 
  custom:container-muxer-webm: aa71ff27fc2769a1b78a27578f13a17b -> 
  custom:container-demuxer-webm: 4f35f7cbe854078d1ac9338744f61a02 -> 
  custom:container-demuxer-ogg: 62fdf1f143b41e24485cea50d1cbac27 -> 
  custom:video-encoder-webm-vp8: eb34c28f22e8b96e1ab97ce403110664 -> 
  custom:video-decoder-webm-vp8: 9c59270c3fd7afecdb556c50c9e8de78 -> 
  custom:audio-decoder-ogg-vorbis: bf7c407c2cedff20999df2af8eb42d56 -> 
  custom:audio-encoder-webm-vorbis: bf7c407c2cedff20999df2af8eb42d56 -> 
========================================================================
Received Import Request.
  Time since last request: 97.789028 seconds.
  path: Assets/Art/Sprites/VFX/CogBullet.png
  artifactKey: Guid(c3bae526786f11046bdd2a781392a458) Importer(815301076,1909f56bfc062723c751e8b465ee728b)
Start importing Assets/Art/Sprites/VFX/CogBullet.png using Guid(c3bae526786f11046bdd2a781392a458) Importer(815301076,1909f56bfc062723c751e8b465ee728b)  -> (artifact id: '9530278f68eda74c961b1a7fed5d4f81') in 0.118938 seconds 
========================================================================
Received Import Request.
  Time since last request: 84.949316 seconds.
  path: Assets/Scripts/Projectile.cs
  artifactKey: Guid(7211d8bde8e896c44a1b9ccff5b48701) Importer(815301076,1909f56bfc062723c751e8b465ee728b)
Start importing Assets/Scripts/Projectile.cs using Guid(7211d8bde8e896c44a1b9ccff5b48701) Importer(815301076,1909f56bfc062723c751e8b465ee728b)  -> (artifact id: '929058cb1fc3e034d8cb6afc4cc1d575') in 0.004654 seconds 
========================================================================
Received Prepare
Registering precompiled user dll's ...
Registered in 0.003276 seconds.
Begin MonoManager ReloadAssembly
Native extension for WindowsStandalone target not found
Refreshing native plugins compatible for Editor in 0.74 ms, found 3 plugins.
Preloading 0 native plugins for Editor in 0.00 ms.
Mono: successfully reloaded assembly
- Completed reload, in  1.180 seconds
Domain Reload Profiling:
	ReloadAssembly (1180ms)
		BeginReloadAssembly (186ms)
			ExecutionOrderSort (0ms)
			DisableScriptedObjects (10ms)
			BackupInstance (0ms)
			ReleaseScriptingObjects (0ms)
			CreateAndSetChildDomain (47ms)
		EndReloadAssembly (922ms)
			LoadAssemblies (138ms)
			RebuildTransferFunctionScriptingTraits (0ms)
			SetupTypeCache (336ms)
			ReleaseScriptCaches (1ms)
			RebuildScriptCaches (38ms)
			SetupLoadedEditorAssemblies (362ms)
				LogAssemblyErrors (0ms)
				InitializePlatformSupportModulesInManaged (8ms)
				SetLoadedEditorAssemblies (1ms)
				RefreshPlugins (1ms)
				BeforeProcessingInitializeOnLoad (94ms)
				ProcessInitializeOnLoadAttributes (218ms)
				ProcessInitializeOnLoadMethodAttributes (29ms)
				AfterProcessingInitializeOnLoad (12ms)
				EditorAssembliesLoaded (0ms)
			ExecutionOrderSort2 (0ms)
			AwakeInstancesAfterBackupRestoration (8ms)
Platform modules already initialized, skipping
Refreshing native plugins compatible for Editor in 0.44 ms, found 3 plugins.
Preloading 0 native plugins for Editor in 0.00 ms.
Unloading 2223 Unused Serialized files (Serialized files now loaded: 0)
System memory in use before: 101.0 MB.
System memory in use after: 101.1 MB.

Unloading 20 unused Assets to reduce memory usage. Loaded Objects now: 2730.
Total: 3.390800 ms (FindLiveObjects: 0.231000 ms CreateObjectMapping: 0.083500 ms MarkObjects: 2.784000 ms  DeleteObjects: 0.290700 ms)

AssetImportParameters requested are different than current active one (requested -> active):
  custom:framework-win-MediaFoundation: 216162199b28c13a410421893ffa2e32 -> 
  custom:video-decoder-ogg-theora: a1e56fd34408186e4bbccfd4996cb3dc -> 
  custom:container-muxer-webm: aa71ff27fc2769a1b78a27578f13a17b -> 
  custom:container-demuxer-webm: 4f35f7cbe854078d1ac9338744f61a02 -> 
  custom:container-demuxer-ogg: 62fdf1f143b41e24485cea50d1cbac27 -> 
  custom:video-encoder-webm-vp8: eb34c28f22e8b96e1ab97ce403110664 -> 
  custom:video-decoder-webm-vp8: 9c59270c3fd7afecdb556c50c9e8de78 -> 
  custom:audio-decoder-ogg-vorbis: bf7c407c2cedff20999df2af8eb42d56 -> 
  custom:audio-encoder-webm-vorbis: bf7c407c2cedff20999df2af8eb42d56 -> 
========================================================================
Received Import Request.
  Time since last request: 85.417483 seconds.
  path: Assets/Scripts/Projectile.cs
  artifactKey: Guid(7211d8bde8e896c44a1b9ccff5b48701) Importer(815301076,1909f56bfc062723c751e8b465ee728b)
Start importing Assets/Scripts/Projectile.cs using Guid(7211d8bde8e896c44a1b9ccff5b48701) Importer(815301076,1909f56bfc062723c751e8b465ee728b)  -> (artifact id: '29d27fce4c5290135a7c03745d4d1bf8') in 0.009030 seconds 
========================================================================
Received Import Request.
  Time since last request: 27.183079 seconds.
  path: Assets/Prefabs/CogBullet.prefab
  artifactKey: Guid(1b91688ddf05fbe4b9a30ff15be84fe2) Importer(815301076,1909f56bfc062723c751e8b465ee728b)
Start importing Assets/Prefabs/CogBullet.prefab using Guid(1b91688ddf05fbe4b9a30ff15be84fe2) Importer(815301076,1909f56bfc062723c751e8b465ee728b)  -> (artifact id: '3568a0b1e8575505b3f73c0d11aff5be') in 0.055548 seconds 
========================================================================
Received Import Request.
  Time since last request: 0.000263 seconds.
  path: Assets/Prefabs/Ruby.prefab
  artifactKey: Guid(51407d2961b76b741a076219d92892ba) Importer(815301076,1909f56bfc062723c751e8b465ee728b)
Start importing Assets/Prefabs/Ruby.prefab using Guid(51407d2961b76b741a076219d92892ba) Importer(815301076,1909f56bfc062723c751e8b465ee728b)  -> (artifact id: '1d0820d375f5aec0ce7af2c39b9200be') in 0.027431 seconds 
========================================================================
Received Import Request.
  Time since last request: 479.297723 seconds.
  path: ProjectSettings/TagManager.asset
  artifactKey: Guid(00000000000000003000000000000000) Importer(815301076,1909f56bfc062723c751e8b465ee728b)
Start importing ProjectSettings/TagManager.asset using Guid(00000000000000003000000000000000) Importer(815301076,1909f56bfc062723c751e8b465ee728b)  -> (artifact id: 'ce6a35c3cddc746e7501c0bd0ed6d4ce') in 0.005249 seconds 
========================================================================
Received Import Request.
  Time since last request: 33.003097 seconds.
  path: Assets/Prefabs/Ruby.prefab
  artifactKey: Guid(51407d2961b76b741a076219d92892ba) Importer(815301076,1909f56bfc062723c751e8b465ee728b)
Start importing Assets/Prefabs/Ruby.prefab using Guid(51407d2961b76b741a076219d92892ba) Importer(815301076,1909f56bfc062723c751e8b465ee728b)  -> (artifact id: '28e707fadda45f1eec63e54da154643f') in 0.027966 seconds 
========================================================================
Received Import Request.
  Time since last request: 3.950576 seconds.
  path: Assets/Prefabs/CogBullet.prefab
  artifactKey: Guid(1b91688ddf05fbe4b9a30ff15be84fe2) Importer(815301076,1909f56bfc062723c751e8b465ee728b)
Start importing Assets/Prefabs/CogBullet.prefab using Guid(1b91688ddf05fbe4b9a30ff15be84fe2) Importer(815301076,1909f56bfc062723c751e8b465ee728b)  -> (artifact id: '9d628fd040458f6c13a2027f2021aff1') in 0.012147 seconds 
========================================================================
Received Prepare
Registering precompiled user dll's ...
Registered in 0.006902 seconds.
Begin MonoManager ReloadAssembly
Native extension for WindowsStandalone target not found
Refreshing native plugins compatible for Editor in 0.48 ms, found 3 plugins.
Preloading 0 native plugins for Editor in 0.00 ms.
Mono: successfully reloaded assembly
- Completed reload, in  1.176 seconds
Domain Reload Profiling:
	ReloadAssembly (1177ms)
		BeginReloadAssembly (161ms)
			ExecutionOrderSort (0ms)
			DisableScriptedObjects (9ms)
			BackupInstance (0ms)
			ReleaseScriptingObjects (0ms)
			CreateAndSetChildDomain (52ms)
		EndReloadAssembly (959ms)
			LoadAssemblies (136ms)
			RebuildTransferFunctionScriptingTraits (0ms)
			SetupTypeCache (332ms)
			ReleaseScriptCaches (2ms)
			RebuildScriptCaches (64ms)
			SetupLoadedEditorAssemblies (358ms)
				LogAssemblyErrors (0ms)
				InitializePlatformSupportModulesInManaged (4ms)
				SetLoadedEditorAssemblies (0ms)
				RefreshPlugins (1ms)
				BeforeProcessingInitializeOnLoad (87ms)
				ProcessInitializeOnLoadAttributes (244ms)
				ProcessInitializeOnLoadMethodAttributes (15ms)
				AfterProcessingInitializeOnLoad (6ms)
				EditorAssembliesLoaded (0ms)
			ExecutionOrderSort2 (0ms)
			AwakeInstancesAfterBackupRestoration (4ms)
Platform modules already initialized, skipping
Refreshing native plugins compatible for Editor in 0.49 ms, found 3 plugins.
Preloading 0 native plugins for Editor in 0.00 ms.
Unloading 2223 Unused Serialized files (Serialized files now loaded: 0)
System memory in use before: 101.1 MB.
System memory in use after: 101.2 MB.

Unloading 21 unused Assets to reduce memory usage. Loaded Objects now: 2734.
Total: 3.704100 ms (FindLiveObjects: 0.141000 ms CreateObjectMapping: 0.059300 ms MarkObjects: 3.270000 ms  DeleteObjects: 0.232600 ms)

AssetImportParameters requested are different than current active one (requested -> active):
  custom:framework-win-MediaFoundation: 216162199b28c13a410421893ffa2e32 -> 
  custom:video-decoder-ogg-theora: a1e56fd34408186e4bbccfd4996cb3dc -> 
  custom:container-muxer-webm: aa71ff27fc2769a1b78a27578f13a17b -> 
  custom:container-demuxer-webm: 4f35f7cbe854078d1ac9338744f61a02 -> 
  custom:container-demuxer-ogg: 62fdf1f143b41e24485cea50d1cbac27 -> 
  custom:video-encoder-webm-vp8: eb34c28f22e8b96e1ab97ce403110664 -> 
  custom:video-decoder-webm-vp8: 9c59270c3fd7afecdb556c50c9e8de78 -> 
  custom:audio-decoder-ogg-vorbis: bf7c407c2cedff20999df2af8eb42d56 -> 
  custom:audio-encoder-webm-vorbis: bf7c407c2cedff20999df2af8eb42d56 -> 
========================================================================
Received Import Request.
  Time since last request: 231.923856 seconds.
  path: Assets/Prefabs/Ruby.prefab
  artifactKey: Guid(51407d2961b76b741a076219d92892ba) Importer(815301076,1909f56bfc062723c751e8b465ee728b)
Start importing Assets/Prefabs/Ruby.prefab using Guid(51407d2961b76b741a076219d92892ba) Importer(815301076,1909f56bfc062723c751e8b465ee728b)  -> (artifact id: '264a4f498984cf6e5524cebc42566256') in 0.109771 seconds 
========================================================================
Received Prepare
Registering precompiled user dll's ...
Registered in 0.004826 seconds.
Begin MonoManager ReloadAssembly
Native extension for WindowsStandalone target not found
Refreshing native plugins compatible for Editor in 0.46 ms, found 3 plugins.
Preloading 0 native plugins for Editor in 0.00 ms.
Mono: successfully reloaded assembly
- Completed reload, in  1.052 seconds
Domain Reload Profiling:
	ReloadAssembly (1052ms)
		BeginReloadAssembly (150ms)
			ExecutionOrderSort (0ms)
			DisableScriptedObjects (10ms)
			BackupInstance (0ms)
			ReleaseScriptingObjects (0ms)
			CreateAndSetChildDomain (52ms)
		EndReloadAssembly (850ms)
			LoadAssemblies (118ms)
			RebuildTransferFunctionScriptingTraits (0ms)
			SetupTypeCache (289ms)
			ReleaseScriptCaches (1ms)
			RebuildScriptCaches (40ms)
			SetupLoadedEditorAssemblies (308ms)
				LogAssemblyErrors (0ms)
				InitializePlatformSupportModulesInManaged (4ms)
				SetLoadedEditorAssemblies (0ms)
				RefreshPlugins (1ms)
				BeforeProcessingInitializeOnLoad (84ms)
				ProcessInitializeOnLoadAttributes (180ms)
				ProcessInitializeOnLoadMethodAttributes (28ms)
				AfterProcessingInitializeOnLoad (11ms)
				EditorAssembliesLoaded (0ms)
			ExecutionOrderSort2 (0ms)
			AwakeInstancesAfterBackupRestoration (5ms)
Platform modules already initialized, skipping
Refreshing native plugins compatible for Editor in 0.47 ms, found 3 plugins.
Preloading 0 native plugins for Editor in 0.00 ms.
Unloading 2223 Unused Serialized files (Serialized files now loaded: 0)
System memory in use before: 101.1 MB.
System memory in use after: 101.2 MB.

Unloading 20 unused Assets to reduce memory usage. Loaded Objects now: 2738.
Total: 3.186500 ms (FindLiveObjects: 0.126400 ms CreateObjectMapping: 0.052300 ms MarkObjects: 2.839600 ms  DeleteObjects: 0.167300 ms)

AssetImportParameters requested are different than current active one (requested -> active):
  custom:framework-win-MediaFoundation: 216162199b28c13a410421893ffa2e32 -> 
  custom:video-decoder-ogg-theora: a1e56fd34408186e4bbccfd4996cb3dc -> 
  custom:container-muxer-webm: aa71ff27fc2769a1b78a27578f13a17b -> 
  custom:container-demuxer-webm: 4f35f7cbe854078d1ac9338744f61a02 -> 
  custom:container-demuxer-ogg: 62fdf1f143b41e24485cea50d1cbac27 -> 
  custom:video-encoder-webm-vp8: eb34c28f22e8b96e1ab97ce403110664 -> 
  custom:video-decoder-webm-vp8: 9c59270c3fd7afecdb556c50c9e8de78 -> 
  custom:audio-decoder-ogg-vorbis: bf7c407c2cedff20999df2af8eb42d56 -> 
  custom:audio-encoder-webm-vorbis: bf7c407c2cedff20999df2af8eb42d56 -> 
========================================================================
Received Import Request.
  Time since last request: 156.890403 seconds.
  path: Assets/Prefabs/Ruby.prefab
  artifactKey: Guid(51407d2961b76b741a076219d92892ba) Importer(815301076,1909f56bfc062723c751e8b465ee728b)
Start importing Assets/Prefabs/Ruby.prefab using Guid(51407d2961b76b741a076219d92892ba) Importer(815301076,1909f56bfc062723c751e8b465ee728b)  -> (artifact id: '8d8bd2ae5d3921f73acc34f84f7a61de') in 0.091381 seconds 
========================================================================
Received Prepare
Registering precompiled user dll's ...
Registered in 0.006004 seconds.
Begin MonoManager ReloadAssembly
Native extension for WindowsStandalone target not found
Refreshing native plugins compatible for Editor in 0.48 ms, found 3 plugins.
Preloading 0 native plugins for Editor in 0.00 ms.
Mono: successfully reloaded assembly
- Completed reload, in  1.334 seconds
Domain Reload Profiling:
	ReloadAssembly (1335ms)
		BeginReloadAssembly (130ms)
			ExecutionOrderSort (0ms)
			DisableScriptedObjects (6ms)
			BackupInstance (0ms)
			ReleaseScriptingObjects (0ms)
			CreateAndSetChildDomain (41ms)
		EndReloadAssembly (1137ms)
			LoadAssemblies (137ms)
			RebuildTransferFunctionScriptingTraits (0ms)
			SetupTypeCache (318ms)
			ReleaseScriptCaches (2ms)
			RebuildScriptCaches (63ms)
			SetupLoadedEditorAssemblies (507ms)
				LogAssemblyErrors (0ms)
				InitializePlatformSupportModulesInManaged (4ms)
				SetLoadedEditorAssemblies (0ms)
				RefreshPlugins (1ms)
				BeforeProcessingInitializeOnLoad (148ms)
				ProcessInitializeOnLoadAttributes (320ms)
				ProcessInitializeOnLoadMethodAttributes (23ms)
				AfterProcessingInitializeOnLoad (10ms)
				EditorAssembliesLoaded (0ms)
			ExecutionOrderSort2 (0ms)
			AwakeInstancesAfterBackupRestoration (7ms)
Platform modules already initialized, skipping
Refreshing native plugins compatible for Editor in 0.43 ms, found 3 plugins.
Preloading 0 native plugins for Editor in 0.00 ms.
Unloading 2223 Unused Serialized files (Serialized files now loaded: 0)
System memory in use before: 101.1 MB.
System memory in use after: 101.2 MB.

Unloading 20 unused Assets to reduce memory usage. Loaded Objects now: 2742.
Total: 3.694500 ms (FindLiveObjects: 0.163000 ms CreateObjectMapping: 0.053900 ms MarkObjects: 3.260800 ms  DeleteObjects: 0.215600 ms)

AssetImportParameters requested are different than current active one (requested -> active):
  custom:framework-win-MediaFoundation: 216162199b28c13a410421893ffa2e32 -> 
  custom:video-decoder-ogg-theora: a1e56fd34408186e4bbccfd4996cb3dc -> 
  custom:container-muxer-webm: aa71ff27fc2769a1b78a27578f13a17b -> 
  custom:container-demuxer-webm: 4f35f7cbe854078d1ac9338744f61a02 -> 
  custom:container-demuxer-ogg: 62fdf1f143b41e24485cea50d1cbac27 -> 
  custom:video-encoder-webm-vp8: eb34c28f22e8b96e1ab97ce403110664 -> 
  custom:video-decoder-webm-vp8: 9c59270c3fd7afecdb556c50c9e8de78 -> 
  custom:audio-decoder-ogg-vorbis: bf7c407c2cedff20999df2af8eb42d56 -> 
  custom:audio-encoder-webm-vorbis: bf7c407c2cedff20999df2af8eb42d56 -> 
AssetImportWorkerClient::OnTransportError - code=2 error=End of file
